#
# A fatal error has been detected by the Java Runtime Environment:
#
#  SIGSEGV (0xb) at pc=0x00007fa1859a5730, pid=15110, tid=0x00007fa133093700
#
# JRE version: OpenJDK Runtime Environment (8.0_111-b16) (build 1.8.0_111-b16)
# Java VM: OpenJDK 64-Bit Server VM (25.111-b16 mixed mode linux-amd64 compressed oops)
# Problematic frame:
# C  [libc.so.6+0x9c730]  __memcpy_sse2_unaligned+0x20
#
# Failed to write core dump. Core dumps have been disabled. To enable core dumping, try "ulimit -c unlimited" before starting Java again
#
# If you would like to submit a bug report, please visit:
#   http://bugreport.java.com/bugreport/crash.jsp
#

---------------  T H R E A D  ---------------

Current thread (0x00007fa120016000):  JavaThread "pool-2-thread-6" [_thread_in_vm, id=15135, stack(0x00007fa132f93000,0x00007fa133094000)]

siginfo: si_signo: 11 (SIGSEGV), si_code: 1 (SEGV_MAPERR), si_addr: 0x0000000000000000

Registers:
RAX=0xffffffff1e79e728, RBX=0x00007fa120016000, RCX=0x0000000020c81250, RDX=0x0000000010640928
RSP=0x00007fa13308dc28, RBP=0x00007fa13308dca0, RSI=0x0000000000000000, RDI=0x00000000d1220fb0
R8 =0x0000000000000000, R9 =0x00007fa1858e2d81, R10=0x00007fa180016a20, R11=0x0000000000000206
R12=0x0000000010640928, R13=0x0000000000000000, R14=0x00007fa11006f100, R15=0x00007fa120016258
RIP=0x00007fa1859a5730, EFLAGS=0x0000000000010206, CSGSFS=0x002b000000000033, ERR=0x0000000000000004
  TRAPNO=0x000000000000000e

Top of Stack: (sp=0x00007fa13308dc28)
0x00007fa13308dc28:   00007fa185009b9a 0000000000000000
0x00007fa13308dc38:   0000000000000000 00007fa120016000
0x00007fa13308dc48:   0000000000000000 00007fa120016000
0x00007fa13308dc58:   0000000000000000 0000000000000000
0x00007fa13308dc68:   2d33dec818f77c00 00007fa120016000
0x00007fa13308dc78:   00007fa120016258 00007fa11006f100
0x00007fa13308dc88:   00007fa1106407c0 00007fa13308dde8
0x00007fa13308dc98:   0000000000000042 00007fa13308dcd0
0x00007fa13308dca8:   00007fa132787240 00007fa11057b8d0
0x00007fa13308dcb8:   00007fa120016258 00007fa11057b8d0
0x00007fa13308dcc8:   00007fa11006f0f8 00007fa13308dd50
0x00007fa13308dcd8:   00007fa1327873aa 00007fa120016000
0x00007fa13308dce8:   00000042314382d0 00007fa1106406b0
0x00007fa13308dcf8:   00007fa11063f070 00007fa1314382d0
0x00007fa13308dd08:   00007fa1105ad410 000000000000000a
0x00007fa13308dd18:   2d33dec818f77c00 00007fa13308ddf0
0x00007fa13308dd28:   00007fa1314382d0 0000000000000000
0x00007fa13308dd38:   00007fa1314382c8 00007fa13308ddf0
0x00007fa13308dd48:   00007fa120016000 00007fa13308ddc0
0x00007fa13308dd58:   00007fa1705b5754 00007fa13308ddc0
0x00007fa13308dd68:   00007fa1705b54d9 fffffffe00000000
0x00007fa13308dd78:   00007fa1705b54a2 00007fa13308dd80
0x00007fa13308dd88:   00007fa1314382c8 00007fa13308ddf0
0x00007fa13308dd98:   00007fa131438338 0000000000000000
0x00007fa13308dda8:   00007fa1314382d0 0000000000000000
0x00007fa13308ddb8:   00007fa13308dde0 00007fa13308de38
0x00007fa13308ddc8:   00007fa1705a5d80 00000000f939bbd0
0x00007fa13308ddd8:   00007fa1705af27b 00000000f0162810
0x00007fa13308dde8:   00000000f01627f0 0000000000000100
0x00007fa13308ddf8:   00007fa13308ddf8 00007fa131438040
0x00007fa13308de08:   00007fa13308de80 00007fa131438338
0x00007fa13308de18:   0000000000000000 00007fa131438138 

Instructions: (pc=0x00007fa1859a5730)
0x00007fa1859a5710:   48 89 f0 48 8d 0c 12 48 29 f8 48 29 d0 48 39 c8
0x00007fa1859a5720:   0f 82 07 01 00 00 48 83 fa 10 0f 86 8b 01 00 00
0x00007fa1859a5730:   f3 44 0f 6f 06 48 83 fa 20 f3 44 0f 7f 07 f3 44
0x00007fa1859a5740:   0f 6f 44 16 f0 f3 44 0f 7f 44 17 f0 77 12 48 89 

Register to memory mapping:

RAX=0xffffffff1e79e728 is an unknown value
RBX=0x00007fa120016000 is a thread
RCX=0x0000000020c81250 is an unknown value
RDX=0x0000000010640928 is an unknown value
RSP=0x00007fa13308dc28 is pointing into the stack for thread: 0x00007fa120016000
RBP=0x00007fa13308dca0 is pointing into the stack for thread: 0x00007fa120016000
RSI=0x0000000000000000 is an unknown value
RDI=0x00000000d1220fb0 is pointing into object: 0x00000000d1220fa0
[B 
 - klass: {type array byte}
 - length: 274991400
R8 =0x0000000000000000 is an unknown value
R9 =0x00007fa1858e2d81: <offset 0xf60d81> in /usr/lib/jvm/java-1.8.0-openjdk-1.8.0.111-4.b16.fc24.x86_64/jre/lib/amd64/server/libjvm.so at 0x00007fa184982000
R10=0x00007fa180016a20 is an unknown value
R11=0x0000000000000206 is an unknown value
R12=0x0000000010640928 is an unknown value
R13=0x0000000000000000 is an unknown value
R14=0x00007fa11006f100 is an unknown value
R15=0x00007fa120016258 is an unknown value


Stack: [0x00007fa132f93000,0x00007fa133094000],  sp=0x00007fa13308dc28,  free space=1003k
Native frames: (J=compiled Java code, j=interpreted, Vv=VM code, C=native code)
C  [libc.so.6+0x9c730]  __memcpy_sse2_unaligned+0x20
C  [libsunec.so+0x1240]
C  [libsunec.so+0x13aa]  Java_sun_security_ec_ECKeyPairGenerator_generateECKeyPair+0x12a
j  sun.security.ec.ECKeyPairGenerator.generateECKeyPair(I[B[B)[Ljava/lang/Object;+0
j  sun.security.ec.ECKeyPairGenerator.generateKeyPair()Ljava/security/KeyPair;+56
j  java.security.KeyPairGenerator$Delegate.generateKeyPair()Ljava/security/KeyPair;+23
j  sun.security.ssl.ECDHCrypt.<init>(Ljava/security/spec/ECParameterSpec;Ljava/security/SecureRandom;)V+17
j  sun.security.ssl.ClientHandshaker.serverKeyExchange(Lsun/security/ssl/HandshakeMessage$ECDH_ServerKeyExchange;)V+44
j  sun.security.ssl.ClientHandshaker.processMessage(BI)V+582
j  sun.security.ssl.Handshaker.processLoop()V+96
j  sun.security.ssl.Handshaker.process_record(Lsun/security/ssl/InputRecord;Z)V+24
j  sun.security.ssl.SSLSocketImpl.readRecord(Lsun/security/ssl/InputRecord;Z)V+357
j  sun.security.ssl.SSLSocketImpl.performInitialHandshake()V+84
j  sun.security.ssl.SSLSocketImpl.startHandshake(Z)V+13
j  sun.security.ssl.SSLSocketImpl.startHandshake()V+2
j  sun.net.www.protocol.https.HttpsClient.afterConnect()V+252
j  sun.net.www.protocol.https.AbstractDelegateHttpsURLConnection.connect()V+51
j  sun.net.www.protocol.http.HttpURLConnection.getInputStream0()Ljava/io/InputStream;+195
j  sun.net.www.protocol.http.HttpURLConnection.access$200(Lsun/net/www/protocol/http/HttpURLConnection;)Ljava/io/InputStream;+1
j  sun.net.www.protocol.http.HttpURLConnection$9.run()Ljava/io/InputStream;+4
j  sun.net.www.protocol.http.HttpURLConnection$9.run()Ljava/lang/Object;+1
v  ~StubRoutines::call_stub
V  [libjvm.so+0x670663]
V  [libjvm.so+0x6bf5ba]  JVM_DoPrivileged+0x46a
J 187  java.security.AccessController.doPrivileged(Ljava/security/PrivilegedExceptionAction;Ljava/security/AccessControlContext;)Ljava/lang/Object; (0 bytes) @ 0x00007fa17070b515 [0x00007fa17070b440+0xd5]
j  java.security.AccessController.doPrivilegedWithCombiner(Ljava/security/PrivilegedExceptionAction;Ljava/security/AccessControlContext;[Ljava/security/Permission;)Ljava/lang/Object;+55
j  sun.net.www.protocol.http.HttpURLConnection.getInputStream()Ljava/io/InputStream;+35
j  java.net.HttpURLConnection.getResponseCode()I+16
j  sun.net.www.protocol.https.HttpsURLConnectionImpl.getResponseCode()I+4
j  org.apache.ivy.util.url.BasicURLHandler.checkStatusCode(Ljava/net/URL;Ljava/net/HttpURLConnection;)Z+1
j  org.apache.ivy.util.url.BasicURLHandler.getURLInfo(Ljava/net/URL;I)Lorg/apache/ivy/util/url/URLHandler$URLInfo;+99
j  org.apache.ivy.util.url.BasicURLHandler.getURLInfo(Ljava/net/URL;)Lorg/apache/ivy/util/url/URLHandler$URLInfo;+3
j  org.apache.ivy.plugins.repository.url.URLResource.init()V+7
j  org.apache.ivy.plugins.repository.url.URLResource.exists()Z+8
j  org.apache.ivy.plugins.resolver.RepositoryResolver.findResourceUsingPattern(Lorg/apache/ivy/core/module/id/ModuleRevisionId;Ljava/lang/String;Lorg/apache/ivy/core/module/descriptor/Artifact;Lorg/apache/ivy/plugins/resolver/util/ResourceMDParser;Ljava/util/Date;)Lorg/apache/ivy/plugins/resolver/util/ResolvedResource;+87
j  org.apache.ivy.plugins.resolver.AbstractPatternsBasedResolver.findResourceUsingPatterns(Lorg/apache/ivy/core/module/id/ModuleRevisionId;Ljava/util/List;Lorg/apache/ivy/core/module/descriptor/Artifact;Lorg/apache/ivy/plugins/resolver/util/ResourceMDParser;Ljava/util/Date;)Lorg/apache/ivy/plugins/resolver/util/ResolvedResource;+82
j  org.apache.ivy.plugins.resolver.AbstractPatternsBasedResolver.findIvyFileRef(Lorg/apache/ivy/core/module/descriptor/DependencyDescriptor;Lorg/apache/ivy/core/resolve/ResolveData;)Lorg/apache/ivy/plugins/resolver/util/ResolvedResource;+44
j  org.apache.ivy.plugins.resolver.BasicResolver.getDependency(Lorg/apache/ivy/core/module/descriptor/DependencyDescriptor;Lorg/apache/ivy/core/resolve/ResolveData;)Lorg/apache/ivy/core/resolve/ResolvedModuleRevision;+415
j  sbt.ConvertResolver$$anonfun$defaultConvert$1$$anon$3.sbt$ConvertResolver$DescriptorRequired$$super$getDependency(Lorg/apache/ivy/core/module/descriptor/DependencyDescriptor;Lorg/apache/ivy/core/resolve/ResolveData;)Lorg/apache/ivy/core/resolve/ResolvedModuleRevision;+3
j  sbt.ConvertResolver$DescriptorRequired$class.getDependency(Lsbt/ConvertResolver$DescriptorRequired;Lorg/apache/ivy/core/module/descriptor/DependencyDescriptor;Lorg/apache/ivy/core/resolve/ResolveData;)Lorg/apache/ivy/core/resolve/ResolvedModuleRevision;+37
j  sbt.ConvertResolver$$anonfun$defaultConvert$1$$anon$3.getDependency(Lorg/apache/ivy/core/module/descriptor/DependencyDescriptor;Lorg/apache/ivy/core/resolve/ResolveData;)Lorg/apache/ivy/core/resolve/ResolvedModuleRevision;+3
j  sbt.ivyint.SbtChainResolver$$anonfun$results$lzycompute$1$1.apply(Lorg/apache/ivy/plugins/resolver/DependencyResolver;)Lscala/util/Either;+149
j  sbt.ivyint.SbtChainResolver$$anonfun$results$lzycompute$1$1.apply(Ljava/lang/Object;)Ljava/lang/Object;+5
J 2970 C2 scala.collection.TraversableLike$$anonfun$map$1.apply(Ljava/lang/Object;)Ljava/lang/Object; (6 bytes) @ 0x00007fa170d802e8 [0x00007fa170d802a0+0x48]
J 3761 C2 scala.collection.AbstractIterator.foreach(Lscala/Function1;)V (6 bytes) @ 0x00007fa170f58a9c [0x00007fa170f58a20+0x7c]
J 4737 C1 scala.collection.AbstractIterable.foreach(Lscala/Function1;)V (6 bytes) @ 0x00007fa17128ca1c [0x00007fa17128c820+0x1fc]
J 3017 C2 scala.collection.AbstractTraversable.map(Lscala/Function1;Lscala/collection/generic/CanBuildFrom;)Ljava/lang/Object; (7 bytes) @ 0x00007fa170d768e0 [0x00007fa170d767c0+0x120]
j  sbt.ivyint.SbtChainResolver.results$lzycompute$1(Lorg/apache/ivy/core/module/descriptor/DependencyDescriptor;ZLorg/apache/ivy/core/resolve/ResolveData;Lscala/runtime/ObjectRef;Lscala/collection/immutable/Vector;Lscala/runtime/ObjectRef;Lscala/runtime/VolatileByteRef;)Lscala/collection/immutable/Vector;+40
j  sbt.ivyint.SbtChainResolver.results$1(Lorg/apache/ivy/core/module/descriptor/DependencyDescriptor;ZLorg/apache/ivy/core/resolve/ResolveData;Lscala/runtime/ObjectRef;Lscala/collection/immutable/Vector;Lscala/runtime/ObjectRef;Lscala/runtime/VolatileByteRef;)Lscala/collection/immutable/Vector;+24
j  sbt.ivyint.SbtChainResolver.foundRevisions$1(Lorg/apache/ivy/core/module/descriptor/DependencyDescriptor;ZLorg/apache/ivy/core/resolve/ResolveData;Lscala/runtime/ObjectRef;Lscala/collection/immutable/Vector;Lscala/runtime/ObjectRef;Lscala/runtime/VolatileByteRef;)Lscala/collection/immutable/Vector;+12
j  sbt.ivyint.SbtChainResolver.sbt$ivyint$SbtChainResolver$$sorted$1(Lorg/apache/ivy/core/module/descriptor/DependencyDescriptor;ZLorg/apache/ivy/core/resolve/ResolveData;Lscala/runtime/ObjectRef;Lscala/collection/immutable/Vector;Lscala/runtime/ObjectRef;Lscala/runtime/VolatileByteRef;)Lscala/Option;+79
j  sbt.ivyint.SbtChainResolver$$anonfun$7.apply()Lscala/Option;+32
j  sbt.ivyint.SbtChainResolver$$anonfun$7.apply()Ljava/lang/Object;+1
J 5476 C1 scala.Option.orElse(Lscala/Function0;)Lscala/Option; (21 bytes) @ 0x00007fa1706c135c [0x00007fa1706c12c0+0x9c]
j  sbt.ivyint.SbtChainResolver.doGetDependency(Lorg/apache/ivy/core/module/descriptor/DependencyDescriptor;Lorg/apache/ivy/core/resolve/ResolveData;)Lorg/apache/ivy/core/resolve/ResolvedModuleRevision;+320
j  sbt.ivyint.SbtChainResolver.getDependency(Lorg/apache/ivy/core/module/descriptor/DependencyDescriptor;Lorg/apache/ivy/core/resolve/ResolveData;)Lorg/apache/ivy/core/resolve/ResolvedModuleRevision;+64
j  sbt.ivyint.SbtChainResolver$$anonfun$results$lzycompute$1$1.apply(Lorg/apache/ivy/plugins/resolver/DependencyResolver;)Lscala/util/Either;+149
j  sbt.ivyint.SbtChainResolver$$anonfun$results$lzycompute$1$1.apply(Ljava/lang/Object;)Ljava/lang/Object;+5
J 2970 C2 scala.collection.TraversableLike$$anonfun$map$1.apply(Ljava/lang/Object;)Ljava/lang/Object; (6 bytes) @ 0x00007fa170d802e8 [0x00007fa170d802a0+0x48]
J 3761 C2 scala.collection.AbstractIterator.foreach(Lscala/Function1;)V (6 bytes) @ 0x00007fa170f58a9c [0x00007fa170f58a20+0x7c]
J 4737 C1 scala.collection.AbstractIterable.foreach(Lscala/Function1;)V (6 bytes) @ 0x00007fa17128ca1c [0x00007fa17128c820+0x1fc]
J 3017 C2 scala.collection.AbstractTraversable.map(Lscala/Function1;Lscala/collection/generic/CanBuildFrom;)Ljava/lang/Object; (7 bytes) @ 0x00007fa170d768e0 [0x00007fa170d767c0+0x120]
j  sbt.ivyint.SbtChainResolver.results$lzycompute$1(Lorg/apache/ivy/core/module/descriptor/DependencyDescriptor;ZLorg/apache/ivy/core/resolve/ResolveData;Lscala/runtime/ObjectRef;Lscala/collection/immutable/Vector;Lscala/runtime/ObjectRef;Lscala/runtime/VolatileByteRef;)Lscala/collection/immutable/Vector;+40
j  sbt.ivyint.SbtChainResolver.results$1(Lorg/apache/ivy/core/module/descriptor/DependencyDescriptor;ZLorg/apache/ivy/core/resolve/ResolveData;Lscala/runtime/ObjectRef;Lscala/collection/immutable/Vector;Lscala/runtime/ObjectRef;Lscala/runtime/VolatileByteRef;)Lscala/collection/immutable/Vector;+24
j  sbt.ivyint.SbtChainResolver.foundRevisions$1(Lorg/apache/ivy/core/module/descriptor/DependencyDescriptor;ZLorg/apache/ivy/core/resolve/ResolveData;Lscala/runtime/ObjectRef;Lscala/collection/immutable/Vector;Lscala/runtime/ObjectRef;Lscala/runtime/VolatileByteRef;)Lscala/collection/immutable/Vector;+12
j  sbt.ivyint.SbtChainResolver.sbt$ivyint$SbtChainResolver$$sorted$1(Lorg/apache/ivy/core/module/descriptor/DependencyDescriptor;ZLorg/apache/ivy/core/resolve/ResolveData;Lscala/runtime/ObjectRef;Lscala/collection/immutable/Vector;Lscala/runtime/ObjectRef;Lscala/runtime/VolatileByteRef;)Lscala/Option;+79
j  sbt.ivyint.SbtChainResolver$$anonfun$7.apply()Lscala/Option;+32
j  sbt.ivyint.SbtChainResolver$$anonfun$7.apply()Ljava/lang/Object;+1
J 5476 C1 scala.Option.orElse(Lscala/Function0;)Lscala/Option; (21 bytes) @ 0x00007fa1706c135c [0x00007fa1706c12c0+0x9c]
j  sbt.ivyint.SbtChainResolver.doGetDependency(Lorg/apache/ivy/core/module/descriptor/DependencyDescriptor;Lorg/apache/ivy/core/resolve/ResolveData;)Lorg/apache/ivy/core/resolve/ResolvedModuleRevision;+320
j  sbt.ivyint.SbtChainResolver.getDependency(Lorg/apache/ivy/core/module/descriptor/DependencyDescriptor;Lorg/apache/ivy/core/resolve/ResolveData;)Lorg/apache/ivy/core/resolve/ResolvedModuleRevision;+64
J 5229 C1 org.apache.ivy.core.resolve.IvyNode.loadData(Ljava/lang/String;Lorg/apache/ivy/core/resolve/IvyNode;Ljava/lang/String;Ljava/lang/String;ZLorg/apache/ivy/core/resolve/IvyNodeUsage;)Z (1101 bytes) @ 0x00007fa17146eb7c [0x00007fa17146de20+0xd5c]
J 5287 C1 org.apache.ivy.core.resolve.VisitNode.loadData(Ljava/lang/String;Z)Z (98 bytes) @ 0x00007fa1714949f4 [0x00007fa171494940+0xb4]
J 5283 C1 org.apache.ivy.core.resolve.ResolveEngine.fetchDependencies(Lorg/apache/ivy/core/resolve/VisitNode;Ljava/lang/String;Z)V (498 bytes) @ 0x00007fa17148ea74 [0x00007fa17148dd00+0xd74]
j  org.apache.ivy.core.resolve.ResolveEngine.doFetchDependencies(Lorg/apache/ivy/core/resolve/VisitNode;Ljava/lang/String;)V+255
j  org.apache.ivy.core.resolve.ResolveEngine.fetchDependencies(Lorg/apache/ivy/core/resolve/VisitNode;Ljava/lang/String;Z)V+270
j  org.apache.ivy.core.resolve.ResolveEngine.getDependencies(Lorg/apache/ivy/core/module/descriptor/ModuleDescriptor;Lorg/apache/ivy/core/resolve/ResolveOptions;Lorg/apache/ivy/core/report/ResolveReport;)[Lorg/apache/ivy/core/resolve/IvyNode;+448
j  org.apache.ivy.core.resolve.ResolveEngine.resolve(Lorg/apache/ivy/core/module/descriptor/ModuleDescriptor;Lorg/apache/ivy/core/resolve/ResolveOptions;)Lorg/apache/ivy/core/report/ResolveReport;+304
j  org.apache.ivy.Ivy.resolve(Lorg/apache/ivy/core/module/descriptor/ModuleDescriptor;Lorg/apache/ivy/core/resolve/ResolveOptions;)Lorg/apache/ivy/core/report/ResolveReport;+10
j  sbt.IvyActions$.sbt$IvyActions$$resolve(Lscala/Enumeration$Value;Lorg/apache/ivy/Ivy;Lorg/apache/ivy/core/module/descriptor/DefaultModuleDescriptor;Ljava/lang/String;)Lscala/Tuple2;+57
j  sbt.IvyActions$$anonfun$updateEither$1.apply(Lorg/apache/ivy/Ivy;Lorg/apache/ivy/core/module/descriptor/DefaultModuleDescriptor;Ljava/lang/String;)Lscala/util/Either;+502
j  sbt.IvyActions$$anonfun$updateEither$1.apply(Ljava/lang/Object;Ljava/lang/Object;Ljava/lang/Object;)Ljava/lang/Object;+13
j  sbt.IvySbt$Module$$anonfun$withModule$1.apply(Lorg/apache/ivy/Ivy;)Ljava/lang/Object;+19
j  sbt.IvySbt$Module$$anonfun$withModule$1.apply(Ljava/lang/Object;)Ljava/lang/Object;+5
j  sbt.IvySbt$$anonfun$withIvy$1.apply()Ljava/lang/Object;+44
j  sbt.IvySbt.sbt$IvySbt$$action$1(Lorg/apache/ivy/util/MessageLogger;Lscala/Function0;)Ljava/lang/Object;+16
j  sbt.IvySbt$$anon$4.call()Ljava/lang/Object;+12
j  xsbt.boot.Locks$GlobalLock.withChannel$1(Ljava/nio/channels/FileChannel;Ljava/util/concurrent/Callable;)Ljava/lang/Object;+61
j  xsbt.boot.Locks$GlobalLock.xsbt$boot$Locks$GlobalLock$$withChannelRetries$1(ILjava/nio/channels/FileChannel;Ljava/util/concurrent/Callable;)Ljava/lang/Object;+3
j  xsbt.boot.Locks$GlobalLock$$anonfun$withFileLock$1.apply(Ljava/lang/Object;)Ljava/lang/Object;+17
j  xsbt.boot.Using$.withResource(Ljava/io/Closeable;Lscala/Function1;)Ljava/lang/Object;+2
j  xsbt.boot.Using$.apply(Ljava/io/Closeable;Lscala/Function1;)Ljava/lang/Object;+2
j  xsbt.boot.Locks$GlobalLock.ignoringDeadlockAvoided(Ljava/util/concurrent/Callable;)Ljava/lang/Object;+40
j  xsbt.boot.Locks$GlobalLock.withLock(Ljava/util/concurrent/Callable;)Ljava/lang/Object;+21
j  xsbt.boot.Locks$.apply0(Ljava/io/File;Ljava/util/concurrent/Callable;)Ljava/lang/Object;+41
j  xsbt.boot.Locks$.apply(Ljava/io/File;Ljava/util/concurrent/Callable;)Ljava/lang/Object;+14
j  sbt.IvySbt.withDefaultLogger(Lorg/apache/ivy/util/MessageLogger;Lscala/Function0;)Ljava/lang/Object;+49
j  sbt.IvySbt.withIvy(Lorg/apache/ivy/util/MessageLogger;Lscala/Function1;)Ljava/lang/Object;+12
j  sbt.IvySbt.withIvy(Lsbt/Logger;Lscala/Function1;)Ljava/lang/Object;+10
j  sbt.IvySbt$Module.withModule(Lsbt/Logger;Lscala/Function3;)Ljava/lang/Object;+14
...<more frames>...

Java frames: (J=compiled Java code, j=interpreted, Vv=VM code)
j  sun.security.ec.ECKeyPairGenerator.generateECKeyPair(I[B[B)[Ljava/lang/Object;+0
j  sun.security.ec.ECKeyPairGenerator.generateKeyPair()Ljava/security/KeyPair;+56
j  java.security.KeyPairGenerator$Delegate.generateKeyPair()Ljava/security/KeyPair;+23
j  sun.security.ssl.ECDHCrypt.<init>(Ljava/security/spec/ECParameterSpec;Ljava/security/SecureRandom;)V+17
j  sun.security.ssl.ClientHandshaker.serverKeyExchange(Lsun/security/ssl/HandshakeMessage$ECDH_ServerKeyExchange;)V+44
j  sun.security.ssl.ClientHandshaker.processMessage(BI)V+582
j  sun.security.ssl.Handshaker.processLoop()V+96
j  sun.security.ssl.Handshaker.process_record(Lsun/security/ssl/InputRecord;Z)V+24
j  sun.security.ssl.SSLSocketImpl.readRecord(Lsun/security/ssl/InputRecord;Z)V+357
j  sun.security.ssl.SSLSocketImpl.performInitialHandshake()V+84
j  sun.security.ssl.SSLSocketImpl.startHandshake(Z)V+13
j  sun.security.ssl.SSLSocketImpl.startHandshake()V+2
j  sun.net.www.protocol.https.HttpsClient.afterConnect()V+252
j  sun.net.www.protocol.https.AbstractDelegateHttpsURLConnection.connect()V+51
j  sun.net.www.protocol.http.HttpURLConnection.getInputStream0()Ljava/io/InputStream;+195
j  sun.net.www.protocol.http.HttpURLConnection.access$200(Lsun/net/www/protocol/http/HttpURLConnection;)Ljava/io/InputStream;+1
j  sun.net.www.protocol.http.HttpURLConnection$9.run()Ljava/io/InputStream;+4
j  sun.net.www.protocol.http.HttpURLConnection$9.run()Ljava/lang/Object;+1
v  ~StubRoutines::call_stub
J 187  java.security.AccessController.doPrivileged(Ljava/security/PrivilegedExceptionAction;Ljava/security/AccessControlContext;)Ljava/lang/Object; (0 bytes) @ 0x00007fa17070b4a3 [0x00007fa17070b440+0x63]
j  java.security.AccessController.doPrivilegedWithCombiner(Ljava/security/PrivilegedExceptionAction;Ljava/security/AccessControlContext;[Ljava/security/Permission;)Ljava/lang/Object;+55
j  sun.net.www.protocol.http.HttpURLConnection.getInputStream()Ljava/io/InputStream;+35
j  java.net.HttpURLConnection.getResponseCode()I+16
j  sun.net.www.protocol.https.HttpsURLConnectionImpl.getResponseCode()I+4
j  org.apache.ivy.util.url.BasicURLHandler.checkStatusCode(Ljava/net/URL;Ljava/net/HttpURLConnection;)Z+1
j  org.apache.ivy.util.url.BasicURLHandler.getURLInfo(Ljava/net/URL;I)Lorg/apache/ivy/util/url/URLHandler$URLInfo;+99
j  org.apache.ivy.util.url.BasicURLHandler.getURLInfo(Ljava/net/URL;)Lorg/apache/ivy/util/url/URLHandler$URLInfo;+3
j  org.apache.ivy.plugins.repository.url.URLResource.init()V+7
j  org.apache.ivy.plugins.repository.url.URLResource.exists()Z+8
j  org.apache.ivy.plugins.resolver.RepositoryResolver.findResourceUsingPattern(Lorg/apache/ivy/core/module/id/ModuleRevisionId;Ljava/lang/String;Lorg/apache/ivy/core/module/descriptor/Artifact;Lorg/apache/ivy/plugins/resolver/util/ResourceMDParser;Ljava/util/Date;)Lorg/apache/ivy/plugins/resolver/util/ResolvedResource;+87
j  org.apache.ivy.plugins.resolver.AbstractPatternsBasedResolver.findResourceUsingPatterns(Lorg/apache/ivy/core/module/id/ModuleRevisionId;Ljava/util/List;Lorg/apache/ivy/core/module/descriptor/Artifact;Lorg/apache/ivy/plugins/resolver/util/ResourceMDParser;Ljava/util/Date;)Lorg/apache/ivy/plugins/resolver/util/ResolvedResource;+82
j  org.apache.ivy.plugins.resolver.AbstractPatternsBasedResolver.findIvyFileRef(Lorg/apache/ivy/core/module/descriptor/DependencyDescriptor;Lorg/apache/ivy/core/resolve/ResolveData;)Lorg/apache/ivy/plugins/resolver/util/ResolvedResource;+44
j  org.apache.ivy.plugins.resolver.BasicResolver.getDependency(Lorg/apache/ivy/core/module/descriptor/DependencyDescriptor;Lorg/apache/ivy/core/resolve/ResolveData;)Lorg/apache/ivy/core/resolve/ResolvedModuleRevision;+415
j  sbt.ConvertResolver$$anonfun$defaultConvert$1$$anon$3.sbt$ConvertResolver$DescriptorRequired$$super$getDependency(Lorg/apache/ivy/core/module/descriptor/DependencyDescriptor;Lorg/apache/ivy/core/resolve/ResolveData;)Lorg/apache/ivy/core/resolve/ResolvedModuleRevision;+3
j  sbt.ConvertResolver$DescriptorRequired$class.getDependency(Lsbt/ConvertResolver$DescriptorRequired;Lorg/apache/ivy/core/module/descriptor/DependencyDescriptor;Lorg/apache/ivy/core/resolve/ResolveData;)Lorg/apache/ivy/core/resolve/ResolvedModuleRevision;+37
j  sbt.ConvertResolver$$anonfun$defaultConvert$1$$anon$3.getDependency(Lorg/apache/ivy/core/module/descriptor/DependencyDescriptor;Lorg/apache/ivy/core/resolve/ResolveData;)Lorg/apache/ivy/core/resolve/ResolvedModuleRevision;+3
j  sbt.ivyint.SbtChainResolver$$anonfun$results$lzycompute$1$1.apply(Lorg/apache/ivy/plugins/resolver/DependencyResolver;)Lscala/util/Either;+149
j  sbt.ivyint.SbtChainResolver$$anonfun$results$lzycompute$1$1.apply(Ljava/lang/Object;)Ljava/lang/Object;+5
J 2970 C2 scala.collection.TraversableLike$$anonfun$map$1.apply(Ljava/lang/Object;)Ljava/lang/Object; (6 bytes) @ 0x00007fa170d802e8 [0x00007fa170d802a0+0x48]
J 3761 C2 scala.collection.AbstractIterator.foreach(Lscala/Function1;)V (6 bytes) @ 0x00007fa170f58a9c [0x00007fa170f58a20+0x7c]
J 4737 C1 scala.collection.AbstractIterable.foreach(Lscala/Function1;)V (6 bytes) @ 0x00007fa17128ca1c [0x00007fa17128c820+0x1fc]
J 3017 C2 scala.collection.AbstractTraversable.map(Lscala/Function1;Lscala/collection/generic/CanBuildFrom;)Ljava/lang/Object; (7 bytes) @ 0x00007fa170d768e0 [0x00007fa170d767c0+0x120]
j  sbt.ivyint.SbtChainResolver.results$lzycompute$1(Lorg/apache/ivy/core/module/descriptor/DependencyDescriptor;ZLorg/apache/ivy/core/resolve/ResolveData;Lscala/runtime/ObjectRef;Lscala/collection/immutable/Vector;Lscala/runtime/ObjectRef;Lscala/runtime/VolatileByteRef;)Lscala/collection/immutable/Vector;+40
j  sbt.ivyint.SbtChainResolver.results$1(Lorg/apache/ivy/core/module/descriptor/DependencyDescriptor;ZLorg/apache/ivy/core/resolve/ResolveData;Lscala/runtime/ObjectRef;Lscala/collection/immutable/Vector;Lscala/runtime/ObjectRef;Lscala/runtime/VolatileByteRef;)Lscala/collection/immutable/Vector;+24
j  sbt.ivyint.SbtChainResolver.foundRevisions$1(Lorg/apache/ivy/core/module/descriptor/DependencyDescriptor;ZLorg/apache/ivy/core/resolve/ResolveData;Lscala/runtime/ObjectRef;Lscala/collection/immutable/Vector;Lscala/runtime/ObjectRef;Lscala/runtime/VolatileByteRef;)Lscala/collection/immutable/Vector;+12
j  sbt.ivyint.SbtChainResolver.sbt$ivyint$SbtChainResolver$$sorted$1(Lorg/apache/ivy/core/module/descriptor/DependencyDescriptor;ZLorg/apache/ivy/core/resolve/ResolveData;Lscala/runtime/ObjectRef;Lscala/collection/immutable/Vector;Lscala/runtime/ObjectRef;Lscala/runtime/VolatileByteRef;)Lscala/Option;+79
j  sbt.ivyint.SbtChainResolver$$anonfun$7.apply()Lscala/Option;+32
j  sbt.ivyint.SbtChainResolver$$anonfun$7.apply()Ljava/lang/Object;+1
J 5476 C1 scala.Option.orElse(Lscala/Function0;)Lscala/Option; (21 bytes) @ 0x00007fa1706c135c [0x00007fa1706c12c0+0x9c]
j  sbt.ivyint.SbtChainResolver.doGetDependency(Lorg/apache/ivy/core/module/descriptor/DependencyDescriptor;Lorg/apache/ivy/core/resolve/ResolveData;)Lorg/apache/ivy/core/resolve/ResolvedModuleRevision;+320
j  sbt.ivyint.SbtChainResolver.getDependency(Lorg/apache/ivy/core/module/descriptor/DependencyDescriptor;Lorg/apache/ivy/core/resolve/ResolveData;)Lorg/apache/ivy/core/resolve/ResolvedModuleRevision;+64
j  sbt.ivyint.SbtChainResolver$$anonfun$results$lzycompute$1$1.apply(Lorg/apache/ivy/plugins/resolver/DependencyResolver;)Lscala/util/Either;+149
j  sbt.ivyint.SbtChainResolver$$anonfun$results$lzycompute$1$1.apply(Ljava/lang/Object;)Ljava/lang/Object;+5
J 2970 C2 scala.collection.TraversableLike$$anonfun$map$1.apply(Ljava/lang/Object;)Ljava/lang/Object; (6 bytes) @ 0x00007fa170d802e8 [0x00007fa170d802a0+0x48]
J 3761 C2 scala.collection.AbstractIterator.foreach(Lscala/Function1;)V (6 bytes) @ 0x00007fa170f58a9c [0x00007fa170f58a20+0x7c]
J 4737 C1 scala.collection.AbstractIterable.foreach(Lscala/Function1;)V (6 bytes) @ 0x00007fa17128ca1c [0x00007fa17128c820+0x1fc]
J 3017 C2 scala.collection.AbstractTraversable.map(Lscala/Function1;Lscala/collection/generic/CanBuildFrom;)Ljava/lang/Object; (7 bytes) @ 0x00007fa170d768e0 [0x00007fa170d767c0+0x120]
j  sbt.ivyint.SbtChainResolver.results$lzycompute$1(Lorg/apache/ivy/core/module/descriptor/DependencyDescriptor;ZLorg/apache/ivy/core/resolve/ResolveData;Lscala/runtime/ObjectRef;Lscala/collection/immutable/Vector;Lscala/runtime/ObjectRef;Lscala/runtime/VolatileByteRef;)Lscala/collection/immutable/Vector;+40
j  sbt.ivyint.SbtChainResolver.results$1(Lorg/apache/ivy/core/module/descriptor/DependencyDescriptor;ZLorg/apache/ivy/core/resolve/ResolveData;Lscala/runtime/ObjectRef;Lscala/collection/immutable/Vector;Lscala/runtime/ObjectRef;Lscala/runtime/VolatileByteRef;)Lscala/collection/immutable/Vector;+24
j  sbt.ivyint.SbtChainResolver.foundRevisions$1(Lorg/apache/ivy/core/module/descriptor/DependencyDescriptor;ZLorg/apache/ivy/core/resolve/ResolveData;Lscala/runtime/ObjectRef;Lscala/collection/immutable/Vector;Lscala/runtime/ObjectRef;Lscala/runtime/VolatileByteRef;)Lscala/collection/immutable/Vector;+12
j  sbt.ivyint.SbtChainResolver.sbt$ivyint$SbtChainResolver$$sorted$1(Lorg/apache/ivy/core/module/descriptor/DependencyDescriptor;ZLorg/apache/ivy/core/resolve/ResolveData;Lscala/runtime/ObjectRef;Lscala/collection/immutable/Vector;Lscala/runtime/ObjectRef;Lscala/runtime/VolatileByteRef;)Lscala/Option;+79
j  sbt.ivyint.SbtChainResolver$$anonfun$7.apply()Lscala/Option;+32
j  sbt.ivyint.SbtChainResolver$$anonfun$7.apply()Ljava/lang/Object;+1
J 5476 C1 scala.Option.orElse(Lscala/Function0;)Lscala/Option; (21 bytes) @ 0x00007fa1706c135c [0x00007fa1706c12c0+0x9c]
j  sbt.ivyint.SbtChainResolver.doGetDependency(Lorg/apache/ivy/core/module/descriptor/DependencyDescriptor;Lorg/apache/ivy/core/resolve/ResolveData;)Lorg/apache/ivy/core/resolve/ResolvedModuleRevision;+320
j  sbt.ivyint.SbtChainResolver.getDependency(Lorg/apache/ivy/core/module/descriptor/DependencyDescriptor;Lorg/apache/ivy/core/resolve/ResolveData;)Lorg/apache/ivy/core/resolve/ResolvedModuleRevision;+64
J 5229 C1 org.apache.ivy.core.resolve.IvyNode.loadData(Ljava/lang/String;Lorg/apache/ivy/core/resolve/IvyNode;Ljava/lang/String;Ljava/lang/String;ZLorg/apache/ivy/core/resolve/IvyNodeUsage;)Z (1101 bytes) @ 0x00007fa17146eb7c [0x00007fa17146de20+0xd5c]
J 5287 C1 org.apache.ivy.core.resolve.VisitNode.loadData(Ljava/lang/String;Z)Z (98 bytes) @ 0x00007fa1714949f4 [0x00007fa171494940+0xb4]
J 5283 C1 org.apache.ivy.core.resolve.ResolveEngine.fetchDependencies(Lorg/apache/ivy/core/resolve/VisitNode;Ljava/lang/String;Z)V (498 bytes) @ 0x00007fa17148ea74 [0x00007fa17148dd00+0xd74]
j  org.apache.ivy.core.resolve.ResolveEngine.doFetchDependencies(Lorg/apache/ivy/core/resolve/VisitNode;Ljava/lang/String;)V+255
j  org.apache.ivy.core.resolve.ResolveEngine.fetchDependencies(Lorg/apache/ivy/core/resolve/VisitNode;Ljava/lang/String;Z)V+270
j  org.apache.ivy.core.resolve.ResolveEngine.getDependencies(Lorg/apache/ivy/core/module/descriptor/ModuleDescriptor;Lorg/apache/ivy/core/resolve/ResolveOptions;Lorg/apache/ivy/core/report/ResolveReport;)[Lorg/apache/ivy/core/resolve/IvyNode;+448
j  org.apache.ivy.core.resolve.ResolveEngine.resolve(Lorg/apache/ivy/core/module/descriptor/ModuleDescriptor;Lorg/apache/ivy/core/resolve/ResolveOptions;)Lorg/apache/ivy/core/report/ResolveReport;+304
j  org.apache.ivy.Ivy.resolve(Lorg/apache/ivy/core/module/descriptor/ModuleDescriptor;Lorg/apache/ivy/core/resolve/ResolveOptions;)Lorg/apache/ivy/core/report/ResolveReport;+10
j  sbt.IvyActions$.sbt$IvyActions$$resolve(Lscala/Enumeration$Value;Lorg/apache/ivy/Ivy;Lorg/apache/ivy/core/module/descriptor/DefaultModuleDescriptor;Ljava/lang/String;)Lscala/Tuple2;+57
j  sbt.IvyActions$$anonfun$updateEither$1.apply(Lorg/apache/ivy/Ivy;Lorg/apache/ivy/core/module/descriptor/DefaultModuleDescriptor;Ljava/lang/String;)Lscala/util/Either;+502
j  sbt.IvyActions$$anonfun$updateEither$1.apply(Ljava/lang/Object;Ljava/lang/Object;Ljava/lang/Object;)Ljava/lang/Object;+13
j  sbt.IvySbt$Module$$anonfun$withModule$1.apply(Lorg/apache/ivy/Ivy;)Ljava/lang/Object;+19
j  sbt.IvySbt$Module$$anonfun$withModule$1.apply(Ljava/lang/Object;)Ljava/lang/Object;+5
j  sbt.IvySbt$$anonfun$withIvy$1.apply()Ljava/lang/Object;+44
j  sbt.IvySbt.sbt$IvySbt$$action$1(Lorg/apache/ivy/util/MessageLogger;Lscala/Function0;)Ljava/lang/Object;+16
j  sbt.IvySbt$$anon$4.call()Ljava/lang/Object;+12
j  xsbt.boot.Locks$GlobalLock.withChannel$1(Ljava/nio/channels/FileChannel;Ljava/util/concurrent/Callable;)Ljava/lang/Object;+61
j  xsbt.boot.Locks$GlobalLock.xsbt$boot$Locks$GlobalLock$$withChannelRetries$1(ILjava/nio/channels/FileChannel;Ljava/util/concurrent/Callable;)Ljava/lang/Object;+3
j  xsbt.boot.Locks$GlobalLock$$anonfun$withFileLock$1.apply(Ljava/lang/Object;)Ljava/lang/Object;+17
j  xsbt.boot.Using$.withResource(Ljava/io/Closeable;Lscala/Function1;)Ljava/lang/Object;+2
j  xsbt.boot.Using$.apply(Ljava/io/Closeable;Lscala/Function1;)Ljava/lang/Object;+2
j  xsbt.boot.Locks$GlobalLock.ignoringDeadlockAvoided(Ljava/util/concurrent/Callable;)Ljava/lang/Object;+40
j  xsbt.boot.Locks$GlobalLock.withLock(Ljava/util/concurrent/Callable;)Ljava/lang/Object;+21
j  xsbt.boot.Locks$.apply0(Ljava/io/File;Ljava/util/concurrent/Callable;)Ljava/lang/Object;+41
j  xsbt.boot.Locks$.apply(Ljava/io/File;Ljava/util/concurrent/Callable;)Ljava/lang/Object;+14
j  sbt.IvySbt.withDefaultLogger(Lorg/apache/ivy/util/MessageLogger;Lscala/Function0;)Ljava/lang/Object;+49
j  sbt.IvySbt.withIvy(Lorg/apache/ivy/util/MessageLogger;Lscala/Function1;)Ljava/lang/Object;+12
j  sbt.IvySbt.withIvy(Lsbt/Logger;Lscala/Function1;)Ljava/lang/Object;+10
j  sbt.IvySbt$Module.withModule(Lsbt/Logger;Lscala/Function3;)Ljava/lang/Object;+14
j  sbt.IvyActions$.updateEither(Lsbt/IvySbt$Module;Lsbt/UpdateConfiguration;Lsbt/UnresolvedWarningConfiguration;Lsbt/LogicalClock;Lscala/Option;Lsbt/Logger;)Lscala/util/Either;+19
j  sbt.Classpaths$$anonfun$sbt$Classpaths$$work$1$1.apply(Lsbt/HCons;)Lsbt/UpdateReport;+122
j  sbt.Classpaths$$anonfun$sbt$Classpaths$$work$1$1.apply(Ljava/lang/Object;)Ljava/lang/Object;+5
j  sbt.Classpaths$$anonfun$doWork$1$1$$anonfun$90.apply(Lsbt/HCons;Lscala/Option;)Lsbt/UpdateReport;+164
j  sbt.Classpaths$$anonfun$doWork$1$1$$anonfun$90.apply(Ljava/lang/Object;Ljava/lang/Object;)Ljava/lang/Object;+9
j  sbt.Tracked$$anonfun$lastOutput$1.apply(Ljava/lang/Object;)Ljava/lang/Object;+25
j  sbt.Classpaths$$anonfun$doWork$1$1.apply(ZLsbt/HCons;)Lsbt/UpdateReport;+58
j  sbt.Classpaths$$anonfun$doWork$1$1.apply(Ljava/lang/Object;Ljava/lang/Object;)Ljava/lang/Object;+9
j  sbt.Tracked$$anonfun$inputChanged$1.apply(Ljava/lang/Object;)Ljava/lang/Object;+39
j  sbt.Classpaths$.cachedUpdate(Ljava/io/File;Ljava/lang/String;Lsbt/IvySbt$Module;Lsbt/UpdateConfiguration;Lscala/Function1;ZZZLsbt/UnresolvedWarningConfiguration;Lsbt/LogicalClock;Lscala/Option;Lsbt/EvictionWarningOptions;ZLsbt/CompatibilityWarningOptions;Lsbt/Logger;)Lsbt/UpdateReport;+114
j  sbt.Classpaths$$anonfun$updateTask$1.apply(Lsbt/KCons;)Lsbt/UpdateReport;+1107
j  sbt.Classpaths$$anonfun$updateTask$1.apply(Ljava/lang/Object;)Ljava/lang/Object;+5
J 2510 C1 scala.Function1$$anonfun$compose$1.apply(Ljava/lang/Object;)Ljava/lang/Object; (20 bytes) @ 0x00007fa170c7a05c [0x00007fa170c79ea0+0x1bc]
j  sbt.$tilde$greater$$anonfun$$u2219$1.apply(Ljava/lang/Object;)Ljava/lang/Object;+13
j  sbt.std.Transform$$anon$4.work(Ljava/lang/Object;)Lscala/util/Either;+5
j  sbt.Execute$$anonfun$submit$1$$anonfun$apply$1.apply()Lscala/util/Either;+14
j  sbt.Execute$$anonfun$submit$1$$anonfun$apply$1.apply()Ljava/lang/Object;+1
j  sbt.ErrorHandling$.wideConvert(Lscala/Function0;)Lscala/util/Either;+7
j  sbt.Execute.work(Ljava/lang/Object;Lscala/Function0;Lsbt/CompletionService;)Lsbt/Completed;+14
j  sbt.Execute$$anonfun$submit$1.apply()Lsbt/Completed;+20
j  sbt.Execute$$anonfun$submit$1.apply()Ljava/lang/Object;+1
j  sbt.ConcurrentRestrictions$$anon$4$$anonfun$1.apply()Ljava/lang/Object;+4
j  sbt.CompletionService$$anon$2.call()Ljava/lang/Object;+4
j  java.util.concurrent.FutureTask.run()V+42
j  java.util.concurrent.Executors$RunnableAdapter.call()Ljava/lang/Object;+4
j  java.util.concurrent.FutureTask.run()V+42
j  java.util.concurrent.ThreadPoolExecutor.runWorker(Ljava/util/concurrent/ThreadPoolExecutor$Worker;)V+95
j  java.util.concurrent.ThreadPoolExecutor$Worker.run()V+5
j  java.lang.Thread.run()V+11
v  ~StubRoutines::call_stub

---------------  P R O C E S S  ---------------

Java Threads: ( => current thread )
=>0x00007fa120016000 JavaThread "pool-2-thread-6" [_thread_in_vm, id=15135, stack(0x00007fa132f93000,0x00007fa133094000)]
  0x00007fa181ffe000 JavaThread "pool-2-thread-5" [_thread_blocked, id=15134, stack(0x00007fa133094000,0x00007fa133195000)]
  0x00007fa181ffd000 JavaThread "pool-2-thread-4" [_thread_blocked, id=15133, stack(0x00007fa133496000,0x00007fa133597000)]
  0x00007fa181ffc000 JavaThread "pool-2-thread-3" [_thread_blocked, id=15132, stack(0x00007fa133eff000,0x00007fa134000000)]
  0x00007fa181ffb000 JavaThread "pool-2-thread-2" [_thread_blocked, id=15131, stack(0x00007fa133395000,0x00007fa133496000)]
  0x00007fa181ffa000 JavaThread "pool-2-thread-1" [_thread_blocked, id=15130, stack(0x00007fa133597000,0x00007fa133698000)]
  0x00007fa1801a2800 JavaThread "Service Thread" daemon [_thread_blocked, id=15123, stack(0x00007fa16c0f5000,0x00007fa16c1f6000)]
  0x00007fa180195800 JavaThread "C1 CompilerThread2" daemon [_thread_blocked, id=15122, stack(0x00007fa16c1f6000,0x00007fa16c2f7000)]
  0x00007fa180193800 JavaThread "C2 CompilerThread1" daemon [_thread_blocked, id=15121, stack(0x00007fa16c2f7000,0x00007fa16c3f8000)]
  0x00007fa180186000 JavaThread "C2 CompilerThread0" daemon [_thread_blocked, id=15120, stack(0x00007fa16c3f8000,0x00007fa16c4f9000)]
  0x00007fa180184000 JavaThread "Signal Dispatcher" daemon [_thread_blocked, id=15119, stack(0x00007fa16c4f9000,0x00007fa16c5fa000)]
  0x00007fa18015a000 JavaThread "Finalizer" daemon [_thread_blocked, id=15118, stack(0x00007fa16c5fa000,0x00007fa16c6fb000)]
  0x00007fa180155800 JavaThread "Reference Handler" daemon [_thread_blocked, id=15117, stack(0x00007fa16c6fb000,0x00007fa16c7fc000)]
  0x00007fa180009800 JavaThread "main" [_thread_blocked, id=15111, stack(0x00007fa186606000,0x00007fa186707000)]

Other Threads:
  0x00007fa18014b800 VMThread [stack: 0x00007fa16c7fc000,0x00007fa16c8fd000] [id=15116]
  0x00007fa1801a5000 WatcherThread [stack: 0x00007fa14958c000,0x00007fa14968d000] [id=15124]

VM state:not at safepoint (normal execution)

VM Mutex/Monitor currently owned by a thread: None

Heap:
 PSYoungGen      total 161280K, used 15950K [0x00000000f0000000, 0x00000000fed80000, 0x0000000100000000)
  eden space 148480K, 2% used [0x00000000f0000000,0x00000000f031b5b0,0x00000000f9100000)
  from space 12800K, 99% used [0x00000000f9100000,0x00000000f9d78308,0x00000000f9d80000)
  to   space 16896K, 0% used [0x00000000fdd00000,0x00000000fdd00000,0x00000000fed80000)
 ParOldGen       total 358912K, used 287110K [0x00000000d0000000, 0x00000000e5e80000, 0x00000000f0000000)
  object space 358912K, 79% used [0x00000000d0000000,0x00000000e18618d8,0x00000000e5e80000)
 Metaspace       used 49084K, capacity 49456K, committed 49840K, reserved 1091584K
  class space    used 8216K, capacity 8321K, committed 8368K, reserved 1048576K

Card table byte_map: [0x00007fa17005d000,0x00007fa1701de000] byte_map_base: 0x00007fa16f9dd000

Marking Bits: (ParMarkBitMap*) 0x00007fa1858ec820
 Begin Bits: [0x00007fa16e359000, 0x00007fa16ef59000)
 End Bits:   [0x00007fa16ef59000, 0x00007fa16fb59000)

Polling page: 0x00007fa186731000

CodeCache: size=245760Kb used=16604Kb max_used=16784Kb free=229155Kb
 bounds [0x00007fa17059e000, 0x00007fa17161e000, 0x00007fa17f59e000]
 total_blobs=6222 nmethods=5746 adapters=386
 compilation: enabled

Compilation events (10 events):
Event: 5.630 Thread 0x00007fa180195800 nmethod 5958 0x00007fa170857f10 code [0x00007fa170858080, 0x00007fa170858250]
Event: 5.630 Thread 0x00007fa180186000 5960       4       java.math.BigInteger::addOne (77 bytes)
Event: 5.632 Thread 0x00007fa180186000 nmethod 5960 0x00007fa1708caf10 code [0x00007fa1708cb060, 0x00007fa1708cb1b8]
Event: 5.632 Thread 0x00007fa180186000 5961       4       java.math.BigInteger::implMulAddCheck (169 bytes)
Event: 5.632 Thread 0x00007fa180195800 5962       3       java.security.MessageDigest$Delegate::engineUpdate (11 bytes)
Event: 5.632 Thread 0x00007fa180195800 nmethod 5962 0x00007fa1708bce90 code [0x00007fa1708bd000, 0x00007fa1708bd228]
Event: 5.632 Thread 0x00007fa180186000 nmethod 5961 0x00007fa1708d3490 code [0x00007fa1708d35e0, 0x00007fa1708d36d8]
Event: 5.633 Thread 0x00007fa180193800 nmethod 5959 0x00007fa1707d1e50 code [0x00007fa1707d1fa0, 0x00007fa1707d2218]
Event: 5.634 Thread 0x00007fa180195800 5963       3       java.math.BigInteger::addOne (77 bytes)
Event: 5.634 Thread 0x00007fa180195800 nmethod 5963 0x00007fa170737210 code [0x00007fa170737380, 0x00007fa1707376d0]

GC Heap History (10 events):
Event: 2.118 GC heap before
{Heap before GC invocations=5 (full 1):
 PSYoungGen      total 70656K, used 65536K [0x00000000f0000000, 0x00000000f8a00000, 0x0000000100000000)
  eden space 65536K, 100% used [0x00000000f0000000,0x00000000f4000000,0x00000000f4000000)
  from space 5120K, 0% used [0x00000000f4000000,0x00000000f4000000,0x00000000f4500000)
  to   space 5120K, 0% used [0x00000000f8500000,0x00000000f8500000,0x00000000f8a00000)
 ParOldGen       total 56320K, used 6023K [0x00000000d0000000, 0x00000000d3700000, 0x00000000f0000000)
  object space 56320K, 10% used [0x00000000d0000000,0x00000000d05e1f68,0x00000000d3700000)
 Metaspace       used 30794K, capacity 31088K, committed 31408K, reserved 1075200K
  class space    used 5099K, capacity 5198K, committed 5296K, reserved 1048576K
Event: 2.128 GC heap after
Heap after GC invocations=5 (full 1):
 PSYoungGen      total 103424K, used 5094K [0x00000000f0000000, 0x00000000f8a00000, 0x0000000100000000)
  eden space 98304K, 0% used [0x00000000f0000000,0x00000000f0000000,0x00000000f6000000)
  from space 5120K, 99% used [0x00000000f8500000,0x00000000f89f9b90,0x00000000f8a00000)
  to   space 5120K, 0% used [0x00000000f8000000,0x00000000f8000000,0x00000000f8500000)
 ParOldGen       total 56320K, used 10299K [0x00000000d0000000, 0x00000000d3700000, 0x00000000f0000000)
  object space 56320K, 18% used [0x00000000d0000000,0x00000000d0a0ed50,0x00000000d3700000)
 Metaspace       used 30794K, capacity 31088K, committed 31408K, reserved 1075200K
  class space    used 5099K, capacity 5198K, committed 5296K, reserved 1048576K
}
Event: 2.563 GC heap before
{Heap before GC invocations=6 (full 1):
 PSYoungGen      total 103424K, used 46361K [0x00000000f0000000, 0x00000000f8a00000, 0x0000000100000000)
  eden space 98304K, 41% used [0x00000000f0000000,0x00000000f284ca38,0x00000000f6000000)
  from space 5120K, 99% used [0x00000000f8500000,0x00000000f89f9b90,0x00000000f8a00000)
  to   space 5120K, 0% used [0x00000000f8000000,0x00000000f8000000,0x00000000f8500000)
 ParOldGen       total 56320K, used 10299K [0x00000000d0000000, 0x00000000d3700000, 0x00000000f0000000)
  object space 56320K, 18% used [0x00000000d0000000,0x00000000d0a0ed50,0x00000000d3700000)
 Metaspace       used 35108K, capacity 35344K, committed 35496K, reserved 1079296K
  class space    used 6108K, capacity 6190K, committed 6192K, reserved 1048576K
Event: 2.576 GC heap after
Heap after GC invocations=6 (full 1):
 PSYoungGen      total 136192K, used 5109K [0x00000000f0000000, 0x00000000fa680000, 0x0000000100000000)
  eden space 131072K, 0% used [0x00000000f0000000,0x00000000f0000000,0x00000000f8000000)
  from space 5120K, 99% used [0x00000000f8000000,0x00000000f84fd468,0x00000000f8500000)
  to   space 9216K, 0% used [0x00000000f9d80000,0x00000000f9d80000,0x00000000fa680000)
 ParOldGen       total 56320K, used 11779K [0x00000000d0000000, 0x00000000d3700000, 0x00000000f0000000)
  object space 56320K, 20% used [0x00000000d0000000,0x00000000d0b80ef8,0x00000000d3700000)
 Metaspace       used 35108K, capacity 35344K, committed 35496K, reserved 1079296K
  class space    used 6108K, capacity 6190K, committed 6192K, reserved 1048576K
}
Event: 2.576 GC heap before
{Heap before GC invocations=7 (full 2):
 PSYoungGen      total 136192K, used 5109K [0x00000000f0000000, 0x00000000fa680000, 0x0000000100000000)
  eden space 131072K, 0% used [0x00000000f0000000,0x00000000f0000000,0x00000000f8000000)
  from space 5120K, 99% used [0x00000000f8000000,0x00000000f84fd468,0x00000000f8500000)
  to   space 9216K, 0% used [0x00000000f9d80000,0x00000000f9d80000,0x00000000fa680000)
 ParOldGen       total 56320K, used 11779K [0x00000000d0000000, 0x00000000d3700000, 0x00000000f0000000)
  object space 56320K, 20% used [0x00000000d0000000,0x00000000d0b80ef8,0x00000000d3700000)
 Metaspace       used 35108K, capacity 35344K, committed 35496K, reserved 1079296K
  class space    used 6108K, capacity 6190K, committed 6192K, reserved 1048576K
Event: 2.629 GC heap after
Heap after GC invocations=7 (full 2):
 PSYoungGen      total 136192K, used 0K [0x00000000f0000000, 0x00000000fa680000, 0x0000000100000000)
  eden space 131072K, 0% used [0x00000000f0000000,0x00000000f0000000,0x00000000f8000000)
  from space 5120K, 0% used [0x00000000f8000000,0x00000000f8000000,0x00000000f8500000)
  to   space 9216K, 0% used [0x00000000f9d80000,0x00000000f9d80000,0x00000000fa680000)
 ParOldGen       total 90112K, used 9283K [0x00000000d0000000, 0x00000000d5800000, 0x00000000f0000000)
  object space 90112K, 10% used [0x00000000d0000000,0x00000000d0910eb8,0x00000000d5800000)
 Metaspace       used 35097K, capacity 35314K, committed 35496K, reserved 1079296K
  class space    used 6105K, capacity 6180K, committed 6192K, reserved 1048576K
}
Event: 3.896 GC heap before
{Heap before GC invocations=8 (full 2):
 PSYoungGen      total 136192K, used 131072K [0x00000000f0000000, 0x00000000fa680000, 0x0000000100000000)
  eden space 131072K, 100% used [0x00000000f0000000,0x00000000f8000000,0x00000000f8000000)
  from space 5120K, 0% used [0x00000000f8000000,0x00000000f8000000,0x00000000f8500000)
  to   space 9216K, 0% used [0x00000000f9d80000,0x00000000f9d80000,0x00000000fa680000)
 ParOldGen       total 90112K, used 9283K [0x00000000d0000000, 0x00000000d5800000, 0x00000000f0000000)
  object space 90112K, 10% used [0x00000000d0000000,0x00000000d0910eb8,0x00000000d5800000)
 Metaspace       used 44095K, capacity 44376K, committed 44592K, reserved 1085440K
  class space    used 7799K, capacity 7877K, committed 7984K, reserved 1048576K
Event: 3.909 GC heap after
Heap after GC invocations=8 (full 2):
 PSYoungGen      total 157696K, used 9200K [0x00000000f0000000, 0x00000000fcb80000, 0x0000000100000000)
  eden space 148480K, 0% used [0x00000000f0000000,0x00000000f0000000,0x00000000f9100000)
  from space 9216K, 99% used [0x00000000f9d80000,0x00000000fa67c060,0x00000000fa680000)
  to   space 12800K, 0% used [0x00000000f9100000,0x00000000f9100000,0x00000000f9d80000)
 ParOldGen       total 90112K, used 14225K [0x00000000d0000000, 0x00000000d5800000, 0x00000000f0000000)
  object space 90112K, 15% used [0x00000000d0000000,0x00000000d0de47e0,0x00000000d5800000)
 Metaspace       used 44095K, capacity 44376K, committed 44592K, reserved 1085440K
  class space    used 7799K, capacity 7877K, committed 7984K, reserved 1048576K
}
Event: 5.423 GC heap before
{Heap before GC invocations=9 (full 2):
 PSYoungGen      total 157696K, used 157680K [0x00000000f0000000, 0x00000000fcb80000, 0x0000000100000000)
  eden space 148480K, 100% used [0x00000000f0000000,0x00000000f9100000,0x00000000f9100000)
  from space 9216K, 99% used [0x00000000f9d80000,0x00000000fa67c060,0x00000000fa680000)
  to   space 12800K, 0% used [0x00000000f9100000,0x00000000f9100000,0x00000000f9d80000)
 ParOldGen       total 90112K, used 14225K [0x00000000d0000000, 0x00000000d5800000, 0x00000000f0000000)
  object space 90112K, 15% used [0x00000000d0000000,0x00000000d0de47e0,0x00000000d5800000)
 Metaspace       used 48417K, capacity 48740K, committed 49072K, reserved 1089536K
  class space    used 8154K, capacity 8255K, committed 8368K, reserved 1048576K
Event: 5.456 GC heap after
Heap after GC invocations=9 (full 2):
 PSYoungGen      total 161280K, used 12768K [0x00000000f0000000, 0x00000000fed80000, 0x0000000100000000)
  eden space 148480K, 0% used [0x00000000f0000000,0x00000000f0000000,0x00000000f9100000)
  from space 12800K, 99% used [0x00000000f9100000,0x00000000f9d78308,0x00000000f9d80000)
  to   space 16896K, 0% used [0x00000000fdd00000,0x00000000fdd00000,0x00000000fed80000)
 ParOldGen       total 90112K, used 18563K [0x00000000d0000000, 0x00000000d5800000, 0x00000000f0000000)
  object space 90112K, 20% used [0x00000000d0000000,0x00000000d1220fa0,0x00000000d5800000)
 Metaspace       used 48417K, capacity 48740K, committed 49072K, reserved 1089536K
  class space    used 8154K, capacity 8255K, committed 8368K, reserved 1048576K
}

Deoptimization events (10 events):
Event: 5.235 Thread 0x00007fa120016000 Uncommon trap: reason=class_check action=maybe_recompile pc=0x00007fa171510408 method=java.util.AbstractList$Itr.next()Ljava/lang/Object; @ 14
Event: 5.241 Thread 0x00007fa120016000 Uncommon trap: reason=bimorphic action=maybe_recompile pc=0x00007fa171036428 method=java.util.regex.Pattern$Slice.match(Ljava/util/regex/Matcher;ILjava/lang/CharSequence;)Z @ 75
Event: 5.241 Thread 0x00007fa120016000 Uncommon trap: reason=bimorphic action=maybe_recompile pc=0x00007fa171036428 method=java.util.regex.Pattern$Slice.match(Ljava/util/regex/Matcher;ILjava/lang/CharSequence;)Z @ 75
Event: 5.585 Thread 0x00007fa120016000 Uncommon trap: reason=unstable_if action=reinterpret pc=0x00007fa17079d988 method=sun.nio.cs.UTF_8$Decoder.decode([BII[C)I @ 30
Event: 5.585 Thread 0x00007fa120016000 Uncommon trap: reason=unstable_if action=reinterpret pc=0x00007fa171606748 method=java.lang.CharacterData.of(I)Ljava/lang/CharacterData; @ 4
Event: 5.617 Thread 0x00007fa120016000 Uncommon trap: reason=bimorphic action=maybe_recompile pc=0x00007fa17096ac4c method=java.util.regex.Pattern$Start.match(Ljava/util/regex/Matcher;ILjava/lang/CharSequence;)Z @ 44
Event: 5.617 Thread 0x00007fa120016000 Uncommon trap: reason=bimorphic action=maybe_recompile pc=0x00007fa17096ac4c method=java.util.regex.Pattern$Start.match(Ljava/util/regex/Matcher;ILjava/lang/CharSequence;)Z @ 44
Event: 5.617 Thread 0x00007fa120016000 Uncommon trap: reason=bimorphic action=maybe_recompile pc=0x00007fa17096ac4c method=java.util.regex.Pattern$Start.match(Ljava/util/regex/Matcher;ILjava/lang/CharSequence;)Z @ 44
Event: 5.617 Thread 0x00007fa120016000 Uncommon trap: reason=bimorphic action=maybe_recompile pc=0x00007fa17096ac4c method=java.util.regex.Pattern$Start.match(Ljava/util/regex/Matcher;ILjava/lang/CharSequence;)Z @ 44
Event: 5.633 Thread 0x00007fa120016000 Uncommon trap: reason=unstable_if action=reinterpret pc=0x00007fa1708cb16c method=java.math.BigInteger.addOne([IIII)I @ 55

Internal exceptions (10 events):
Event: 2.083 Thread 0x00007fa180009800 Exception <a 'java/lang/ArrayIndexOutOfBoundsException'> (0x00000000f3dad268) thrown at [/builddir/build/BUILD/java-1.8.0-openjdk-1.8.0.111-4.b16.fc24.x86_64/openjdk/hotspot/src/share/vm/runtime/sharedRuntime.cpp, line 619]
Event: 2.087 Thread 0x00007fa180009800 Exception <a 'java/lang/ArrayIndexOutOfBoundsException': 6> (0x00000000f3dcae60) thrown at [/builddir/build/BUILD/java-1.8.0-openjdk-1.8.0.111-4.b16.fc24.x86_64/openjdk/hotspot/src/share/vm/interpreter/interpreterRuntime.cpp, line 369]
Event: 2.266 Thread 0x00007fa180009800 Exception <a 'java/lang/ClassNotFoundException': java/net> (0x00000000f0ab1688) thrown at [/builddir/build/BUILD/java-1.8.0-openjdk-1.8.0.111-4.b16.fc24.x86_64/openjdk/hotspot/src/share/vm/classfile/systemDictionary.cpp, line 210]
Event: 2.266 Thread 0x00007fa180009800 Exception <a 'java/lang/ClassNotFoundException': java/net/package> (0x00000000f0ab2640) thrown at [/builddir/build/BUILD/java-1.8.0-openjdk-1.8.0.111-4.b16.fc24.x86_64/openjdk/hotspot/src/share/vm/classfile/systemDictionary.cpp, line 210]
Event: 3.546 Thread 0x00007fa120016000 Implicit null exception at 0x00007fa170bdd135 to 0x00007fa170bdd345
Event: 3.547 Thread 0x00007fa120016000 Implicit null exception at 0x00007fa170d735ef to 0x00007fa170d73659
Event: 3.556 Thread 0x00007fa120016000 Implicit null exception at 0x00007fa170770c76 to 0x00007fa17077101d
Event: 3.562 Thread 0x00007fa120016000 Implicit null exception at 0x00007fa1707ac2f5 to 0x00007fa1707ac695
Event: 5.173 Thread 0x00007fa120016000 Exception <a 'java/lang/NoSuchFieldError': method resolution failed> (0x00000000f8e7e2d0) thrown at [/builddir/build/BUILD/java-1.8.0-openjdk-1.8.0.111-4.b16.fc24.x86_64/openjdk/hotspot/src/share/vm/prims/methodHandles.cpp, line 1146]
Event: 5.175 Thread 0x00007fa120016000 Exception <a 'java/lang/NoSuchFieldError': method resolution failed> (0x00000000f8e8c580) thrown at [/builddir/build/BUILD/java-1.8.0-openjdk-1.8.0.111-4.b16.fc24.x86_64/openjdk/hotspot/src/share/vm/prims/methodHandles.cpp, line 1146]

Events (10 events):
Event: 5.632 loading class java/security/spec/ECPublicKeySpec done
Event: 5.633 loading class sun/security/rsa/RSASignature$SHA512withRSA
Event: 5.633 loading class sun/security/rsa/RSASignature$SHA512withRSA done
Event: 5.633 loading class sun/security/provider/SHA5$SHA512
Event: 5.633 loading class sun/security/provider/SHA5$SHA512 done
Event: 5.633 Thread 0x00007fa120016000 Uncommon trap: trap_request=0xffffff65 fr.pc=0x00007fa1708cb16c
Event: 5.633 Thread 0x00007fa120016000 DEOPT PACKING pc=0x00007fa1708cb16c sp=0x00007fa13308d8e0
Event: 5.633 Thread 0x00007fa120016000 DEOPT UNPACKING pc=0x00007fa1705a2f69 sp=0x00007fa13308d8a8 mode 2
Event: 5.634 loading class sun/security/ssl/ECDHCrypt
Event: 5.634 loading class sun/security/ssl/ECDHCrypt done


Dynamic libraries:
d0000000-e5e80000 rw-p 00000000 00:00 0 
e5e80000-f0000000 ---p 00000000 00:00 0 
f0000000-fed80000 rw-p 00000000 00:00 0 
fed80000-100000000 ---p 00000000 00:00 0 
100000000-10082c000 rw-p 00000000 00:00 0 
10082c000-140000000 ---p 00000000 00:00 0 
555c2f444000-555c2f445000 r-xp 00000000 fd:00 1462694                    /usr/lib/jvm/java-1.8.0-openjdk-1.8.0.111-4.b16.fc24.x86_64/bin/java
555c2f644000-555c2f645000 r--p 00000000 fd:00 1462694                    /usr/lib/jvm/java-1.8.0-openjdk-1.8.0.111-4.b16.fc24.x86_64/bin/java
555c2f645000-555c2f646000 rw-p 00001000 fd:00 1462694                    /usr/lib/jvm/java-1.8.0-openjdk-1.8.0.111-4.b16.fc24.x86_64/bin/java
555c2fbe1000-555c2fc02000 rw-p 00000000 00:00 0                          [heap]
7fa110000000-7fa11069c000 rw-p 00000000 00:00 0 
7fa11069c000-7fa114000000 ---p 00000000 00:00 0 
7fa118000000-7fa118021000 rw-p 00000000 00:00 0 
7fa118021000-7fa11c000000 ---p 00000000 00:00 0 
7fa11c000000-7fa11c021000 rw-p 00000000 00:00 0 
7fa11c021000-7fa120000000 ---p 00000000 00:00 0 
7fa120000000-7fa120021000 rw-p 00000000 00:00 0 
7fa120021000-7fa124000000 ---p 00000000 00:00 0 
7fa124000000-7fa12402f000 rw-p 00000000 00:00 0 
7fa12402f000-7fa128000000 ---p 00000000 00:00 0 
7fa128000000-7fa128021000 rw-p 00000000 00:00 0 
7fa128021000-7fa12c000000 ---p 00000000 00:00 0 
7fa12c000000-7fa12c021000 rw-p 00000000 00:00 0 
7fa12c021000-7fa130000000 ---p 00000000 00:00 0 
7fa130acd000-7fa130b4d000 rw-p 00000000 00:00 0 
7fa130b4d000-7fa130ccd000 ---p 00000000 00:00 0 
7fa130ccd000-7fa130ce4000 r-xp 00000000 fd:00 1448878                    /usr/lib64/libresolv-2.23.so
7fa130ce4000-7fa130ee3000 ---p 00017000 fd:00 1448878                    /usr/lib64/libresolv-2.23.so
7fa130ee3000-7fa130ee4000 r--p 00016000 fd:00 1448878                    /usr/lib64/libresolv-2.23.so
7fa130ee4000-7fa130ee5000 rw-p 00017000 fd:00 1448878                    /usr/lib64/libresolv-2.23.so
7fa130ee5000-7fa130ee7000 rw-p 00000000 00:00 0 
7fa130ee7000-7fa130eec000 r-xp 00000000 fd:00 1448860                    /usr/lib64/libnss_dns-2.23.so
7fa130eec000-7fa1310eb000 ---p 00005000 fd:00 1448860                    /usr/lib64/libnss_dns-2.23.so
7fa1310eb000-7fa1310ec000 r--p 00004000 fd:00 1448860                    /usr/lib64/libnss_dns-2.23.so
7fa1310ec000-7fa1310ed000 rw-p 00005000 fd:00 1448860                    /usr/lib64/libnss_dns-2.23.so
7fa1310ed000-7fa1310ef000 r-xp 00000000 fd:00 1451356                    /usr/lib64/libnss_mdns4_minimal.so.2
7fa1310ef000-7fa1312ee000 ---p 00002000 fd:00 1451356                    /usr/lib64/libnss_mdns4_minimal.so.2
7fa1312ee000-7fa1312ef000 r--p 00001000 fd:00 1451356                    /usr/lib64/libnss_mdns4_minimal.so.2
7fa1312ef000-7fa1314f0000 rw-p 00000000 00:00 0 
7fa1314f0000-7fa13156c000 r-xp 00000000 fd:00 1454040                    /usr/lib64/libfreeblpriv3.so
7fa13156c000-7fa13176c000 ---p 0007c000 fd:00 1454040                    /usr/lib64/libfreeblpriv3.so
7fa13176c000-7fa13176e000 r--p 0007c000 fd:00 1454040                    /usr/lib64/libfreeblpriv3.so
7fa13176e000-7fa13176f000 rw-p 0007e000 fd:00 1454040                    /usr/lib64/libfreeblpriv3.so
7fa13176f000-7fa131773000 rw-p 00000000 00:00 0 
7fa131773000-7fa1317ae000 r-xp 00000000 fd:00 1446273                    /usr/lib64/libnspr4.so
7fa1317ae000-7fa1319ad000 ---p 0003b000 fd:00 1446273                    /usr/lib64/libnspr4.so
7fa1319ad000-7fa1319ae000 r--p 0003a000 fd:00 1446273                    /usr/lib64/libnspr4.so
7fa1319ae000-7fa1319b0000 rw-p 0003b000 fd:00 1446273                    /usr/lib64/libnspr4.so
7fa1319b0000-7fa1319b2000 rw-p 00000000 00:00 0 
7fa1319b2000-7fa1319b6000 r-xp 00000000 fd:00 1448965                    /usr/lib64/libplc4.so
7fa1319b6000-7fa131bb5000 ---p 00004000 fd:00 1448965                    /usr/lib64/libplc4.so
7fa131bb5000-7fa131bb6000 r--p 00003000 fd:00 1448965                    /usr/lib64/libplc4.so
7fa131bb6000-7fa131bb7000 rw-p 00004000 fd:00 1448965                    /usr/lib64/libplc4.so
7fa131bb7000-7fa131bba000 r-xp 00000000 fd:00 1448980                    /usr/lib64/libplds4.so
7fa131bba000-7fa131db9000 ---p 00003000 fd:00 1448980                    /usr/lib64/libplds4.so
7fa131db9000-7fa131dba000 r--p 00002000 fd:00 1448980                    /usr/lib64/libplds4.so
7fa131dba000-7fa131dbb000 rw-p 00003000 fd:00 1448980                    /usr/lib64/libplds4.so
7fa131dbb000-7fa131de2000 r-xp 00000000 fd:00 1448900                    /usr/lib64/libnssutil3.so
7fa131de2000-7fa131fe1000 ---p 00027000 fd:00 1448900                    /usr/lib64/libnssutil3.so
7fa131fe1000-7fa131fe8000 r--p 00026000 fd:00 1448900                    /usr/lib64/libnssutil3.so
7fa131fe8000-7fa131fe9000 rw-p 0002d000 fd:00 1448900                    /usr/lib64/libnssutil3.so
7fa131fe9000-7fa13210b000 r-xp 00000000 fd:00 1459488                    /usr/lib64/libnss3.so
7fa13210b000-7fa13230a000 ---p 00122000 fd:00 1459488                    /usr/lib64/libnss3.so
7fa13230a000-7fa13230f000 r--p 00121000 fd:00 1459488                    /usr/lib64/libnss3.so
7fa13230f000-7fa132311000 rw-p 00126000 fd:00 1459488                    /usr/lib64/libnss3.so
7fa132311000-7fa132313000 rw-p 00000000 00:00 0 
7fa132313000-7fa132337000 r-xp 00000000 fd:00 1459489                    /usr/lib64/libsmime3.so
7fa132337000-7fa132536000 ---p 00024000 fd:00 1459489                    /usr/lib64/libsmime3.so
7fa132536000-7fa132539000 r--p 00023000 fd:00 1459489                    /usr/lib64/libsmime3.so
7fa132539000-7fa13253a000 rw-p 00026000 fd:00 1459489                    /usr/lib64/libsmime3.so
7fa13253a000-7fa132580000 r-xp 00000000 fd:00 1459490                    /usr/lib64/libssl3.so
7fa132580000-7fa132780000 ---p 00046000 fd:00 1459490                    /usr/lib64/libssl3.so
7fa132780000-7fa132784000 r--p 00046000 fd:00 1459490                    /usr/lib64/libssl3.so
7fa132784000-7fa132785000 rw-p 0004a000 fd:00 1459490                    /usr/lib64/libssl3.so
7fa132785000-7fa132786000 rw-p 00000000 00:00 0 
7fa132786000-7fa132792000 r-xp 00000000 fd:00 1462605                    /usr/lib/jvm/java-1.8.0-openjdk-1.8.0.111-4.b16.fc24.x86_64/jre/lib/amd64/libsunec.so
7fa132792000-7fa132991000 ---p 0000c000 fd:00 1462605                    /usr/lib/jvm/java-1.8.0-openjdk-1.8.0.111-4.b16.fc24.x86_64/jre/lib/amd64/libsunec.so
7fa132991000-7fa132992000 r--p 0000b000 fd:00 1462605                    /usr/lib/jvm/java-1.8.0-openjdk-1.8.0.111-4.b16.fc24.x86_64/jre/lib/amd64/libsunec.so
7fa132992000-7fa132b93000 rw-p 00000000 00:00 0 
7fa132b93000-7fa132d93000 rw-p 00000000 00:00 0 
7fa132d93000-7fa132f93000 rw-p 00000000 00:00 0 
7fa132f93000-7fa132f96000 ---p 00000000 00:00 0 
7fa132f96000-7fa133094000 rw-p 00000000 00:00 0 
7fa133094000-7fa133097000 ---p 00000000 00:00 0 
7fa133097000-7fa133395000 rw-p 00000000 00:00 0 
7fa133395000-7fa133398000 ---p 00000000 00:00 0 
7fa133398000-7fa133496000 rw-p 00000000 00:00 0 
7fa133496000-7fa133499000 ---p 00000000 00:00 0 
7fa133499000-7fa133597000 rw-p 00000000 00:00 0 
7fa133597000-7fa13359a000 ---p 00000000 00:00 0 
7fa13359a000-7fa133898000 rw-p 00000000 00:00 0 
7fa133898000-7fa133a98000 rw-p 00000000 00:00 0 
7fa133a98000-7fa133c98000 rw-p 00000000 00:00 0 
7fa133c98000-7fa133e98000 rw-p 00000000 00:00 0 
7fa133eff000-7fa133f02000 ---p 00000000 00:00 0 
7fa133f02000-7fa134000000 rw-p 00000000 00:00 0 
7fa134000000-7fa134fde000 rw-p 00000000 00:00 0 
7fa134fde000-7fa138000000 ---p 00000000 00:00 0 
7fa138000000-7fa138021000 rw-p 00000000 00:00 0 
7fa138021000-7fa13c000000 ---p 00000000 00:00 0 
7fa13c000000-7fa13db37000 rw-p 00000000 00:00 0 
7fa13db37000-7fa140000000 ---p 00000000 00:00 0 
7fa140000000-7fa1415fc000 rw-p 00000000 00:00 0 
7fa1415fc000-7fa144000000 ---p 00000000 00:00 0 
7fa144000000-7fa144021000 rw-p 00000000 00:00 0 
7fa144021000-7fa148000000 ---p 00000000 00:00 0 
7fa1480b1000-7fa1480c4000 r--s 00346000 fd:00 1451329                    /usr/lib/jvm/java-1.8.0-openjdk-1.8.0.111-4.b16.fc24.x86_64/jre/lib/resources.jar
7fa148141000-7fa148147000 r--s 00043000 fd:00 1458777                    /usr/lib/jvm/java-1.8.0-openjdk-1.8.0.111-4.b16.fc24.x86_64/jre/lib/ext/sunjce_provider.jar
7fa148147000-7fa148149000 r--s 00007000 fd:00 1458752                    /usr/lib/jvm/java-1.8.0-openjdk-1.8.0.111-4.b16.fc24.x86_64/jre/lib/ext/sunec.jar
7fa148149000-7fa14814c000 r--s 00018000 fd:00 1462634                    /usr/lib/jvm/java-1.8.0-openjdk-1.8.0.111-4.b16.fc24.x86_64/jre/lib/jce.jar
7fa14814c000-7fa14834c000 rw-p 00000000 00:00 0 
7fa14834c000-7fa14854c000 rw-p 00000000 00:00 0 
7fa14854c000-7fa14874c000 rw-p 00000000 00:00 0 
7fa14874c000-7fa14894c000 rw-p 00000000 00:00 0 
7fa14894c000-7fa1489c5000 r--s 012a9000 fd:00 1462752                    /usr/lib/jvm/java-1.8.0-openjdk-1.8.0.111-4.b16.fc24.x86_64/lib/tools.jar
7fa1489c5000-7fa148bc5000 rw-p 00000000 00:00 0 
7fa148bc5000-7fa148dc5000 rw-p 00000000 00:00 0 
7fa148dc5000-7fa148dc9000 r--s 000b0000 fd:00 1462636                    /usr/lib/jvm/java-1.8.0-openjdk-1.8.0.111-4.b16.fc24.x86_64/jre/lib/jsse.jar
7fa148dc9000-7fa148dca000 r--p 00000000 fd:00 2757457                    /usr/share/locale/en_GB/LC_MESSAGES/libc.mo
7fa148dca000-7fa148dcc000 r--s 0000b000 fd:02 48240607                   /home/rbertini/.sbt/boot/scala-2.10.6/org.scala-sbt/sbt/0.13.11/xsbti/interface-0.13.11.jar
7fa148dcc000-7fa148dd1000 r--s 00024000 fd:02 48240593                   /home/rbertini/.sbt/boot/scala-2.10.6/org.scala-sbt/sbt/0.13.11/persist-0.13.11.jar
7fa148dd1000-7fa148fd1000 rw-p 00000000 00:00 0 
7fa148fd1000-7fa148fd4000 r--s 00018000 fd:02 48240595                   /home/rbertini/.sbt/boot/scala-2.10.6/org.scala-sbt/sbt/0.13.11/logging-0.13.11.jar
7fa148fd4000-7fa148fde000 r--s 00085000 fd:02 48240630                   /home/rbertini/.sbt/boot/scala-2.10.6/org.scala-sbt/sbt/0.13.11/json4s-core_2.10-3.2.10.jar
7fa148fde000-7fa148fe3000 r--s 00037000 fd:02 48240612                   /home/rbertini/.sbt/boot/scala-2.10.6/org.scala-sbt/sbt/0.13.11/command-0.13.11.jar
7fa148fe3000-7fa148fec000 r--s 0006f000 fd:02 48240631                   /home/rbertini/.sbt/boot/scala-2.10.6/org.scala-sbt/sbt/0.13.11/actions-0.13.11.jar
7fa148fec000-7fa14900e000 r--s 001bc000 fd:02 48240585                   /home/rbertini/.sbt/boot/scala-2.10.6/org.scala-sbt/sbt/0.13.11/ivy-0.13.11.jar
7fa14900e000-7fa149012000 r--s 00039000 fd:02 48240634                   /home/rbertini/.sbt/boot/scala-2.10.6/org.scala-sbt/sbt/0.13.11/jline-2.13.jar
7fa149012000-7fa14901d000 r--s 00097000 fd:02 48240620                   /home/rbertini/.sbt/boot/scala-2.10.6/org.scala-sbt/sbt/0.13.11/main-settings-0.13.11.jar
7fa14901d000-7fa149023000 r--s 00038000 fd:02 48240616                   /home/rbertini/.sbt/boot/scala-2.10.6/org.scala-sbt/sbt/0.13.11/compile-0.13.11.jar
7fa149023000-7fa149031000 r--s 000bc000 fd:02 48240599                   /home/rbertini/.sbt/boot/scala-2.10.6/org.scala-sbt/sbt/0.13.11/scala-pickling_2.10-0.10.1.jar
7fa149031000-7fa149034000 r--s 0001a000 fd:02 48240623                   /home/rbertini/.sbt/boot/scala-2.10.6/org.scala-sbt/sbt/0.13.11/cache-0.13.11.jar
7fa149034000-7fa14903b000 r--s 0003f000 fd:02 48240619                   /home/rbertini/.sbt/boot/scala-2.10.6/org.scala-sbt/sbt/0.13.11/io-0.13.11.jar
7fa14903b000-7fa14903d000 r--s 00002000 fd:02 48240590                   /home/rbertini/.sbt/boot/scala-2.10.6/org.scala-sbt/sbt/0.13.11/control-0.13.11.jar
7fa14903d000-7fa149044000 r--s 0004b000 fd:02 48240588                   /home/rbertini/.sbt/boot/scala-2.10.6/org.scala-sbt/sbt/0.13.11/serialization_2.10-0.1.2.jar
7fa149044000-7fa149046000 r--s 00015000 fd:02 48240587                   /home/rbertini/.sbt/boot/scala-2.10.6/org.scala-sbt/sbt/0.13.11/classfile-0.13.11.jar
7fa149046000-7fa149048000 r--s 00014000 fd:02 48240611                   /home/rbertini/.sbt/boot/scala-2.10.6/org.scala-sbt/sbt/0.13.11/apply-macro-0.13.11.jar
7fa149048000-7fa14904b000 r--s 0001e000 fd:02 48240594                   /home/rbertini/.sbt/boot/scala-2.10.6/org.scala-sbt/sbt/0.13.11/run-0.13.11.jar
7fa14904b000-7fa14904c000 r--s 00005000 fd:02 48240613                   /home/rbertini/.sbt/boot/scala-2.10.6/org.scala-sbt/sbt/0.13.11/sbt-0.13.11.jar
7fa14904c000-7fa14904d000 r--s 00005000 fd:02 48240592                   /home/rbertini/.sbt/boot/scala-2.10.6/org.scala-sbt/sbt/0.13.11/test-agent-0.13.11.jar
7fa14904d000-7fa149051000 r--s 0001c000 fd:02 48240621                   /home/rbertini/.sbt/boot/scala-2.10.6/org.scala-sbt/sbt/0.13.11/compiler-integration-0.13.11.jar
7fa149051000-7fa149053000 r--s 00017000 fd:02 48240598                   /home/rbertini/.sbt/boot/scala-2.10.6/org.scala-sbt/sbt/0.13.11/testing-0.13.11.jar
7fa149053000-7fa14905b000 r--s 00057000 fd:02 48240633                   /home/rbertini/.sbt/boot/scala-2.10.6/org.scala-sbt/sbt/0.13.11/completion-0.13.11.jar
7fa14905b000-7fa149063000 r--s 00060000 fd:02 48240586                   /home/rbertini/.sbt/boot/scala-2.10.6/org.scala-sbt/sbt/0.13.11/collections-0.13.11.jar
7fa149063000-7fa149161000 r--s 00cd0000 fd:02 48368011                   /home/rbertini/.sbt/boot/scala-2.10.6/lib/scala-compiler.jar
7fa149161000-7fa149172000 r-xp 00000000 fd:00 1462601                    /usr/lib/jvm/java-1.8.0-openjdk-1.8.0.111-4.b16.fc24.x86_64/jre/lib/amd64/libnio.so
7fa149172000-7fa149372000 ---p 00011000 fd:00 1462601                    /usr/lib/jvm/java-1.8.0-openjdk-1.8.0.111-4.b16.fc24.x86_64/jre/lib/amd64/libnio.so
7fa149372000-7fa149373000 r--p 00011000 fd:00 1462601                    /usr/lib/jvm/java-1.8.0-openjdk-1.8.0.111-4.b16.fc24.x86_64/jre/lib/amd64/libnio.so
7fa149373000-7fa149374000 rw-p 00012000 fd:00 1462601                    /usr/lib/jvm/java-1.8.0-openjdk-1.8.0.111-4.b16.fc24.x86_64/jre/lib/amd64/libnio.so
7fa149374000-7fa14938b000 r-xp 00000000 fd:00 1462600                    /usr/lib/jvm/java-1.8.0-openjdk-1.8.0.111-4.b16.fc24.x86_64/jre/lib/amd64/libnet.so
7fa14938b000-7fa14958a000 ---p 00017000 fd:00 1462600                    /usr/lib/jvm/java-1.8.0-openjdk-1.8.0.111-4.b16.fc24.x86_64/jre/lib/amd64/libnet.so
7fa14958a000-7fa14958b000 r--p 00016000 fd:00 1462600                    /usr/lib/jvm/java-1.8.0-openjdk-1.8.0.111-4.b16.fc24.x86_64/jre/lib/amd64/libnet.so
7fa14958b000-7fa14958c000 rw-p 00017000 fd:00 1462600                    /usr/lib/jvm/java-1.8.0-openjdk-1.8.0.111-4.b16.fc24.x86_64/jre/lib/amd64/libnet.so
7fa14958c000-7fa14958d000 ---p 00000000 00:00 0 
7fa14958d000-7fa14968d000 rw-p 00000000 00:00 0 
7fa14968d000-7fa150000000 r--p 00000000 fd:00 1450144                    /usr/lib/locale/locale-archive
7fa150000000-7fa150021000 rw-p 00000000 00:00 0 
7fa150021000-7fa154000000 ---p 00000000 00:00 0 
7fa154000000-7fa154021000 rw-p 00000000 00:00 0 
7fa154021000-7fa158000000 ---p 00000000 00:00 0 
7fa158000000-7fa158021000 rw-p 00000000 00:00 0 
7fa158021000-7fa15c000000 ---p 00000000 00:00 0 
7fa15c000000-7fa15c021000 rw-p 00000000 00:00 0 
7fa15c021000-7fa160000000 ---p 00000000 00:00 0 
7fa160000000-7fa160021000 rw-p 00000000 00:00 0 
7fa160021000-7fa164000000 ---p 00000000 00:00 0 
7fa164000000-7fa164021000 rw-p 00000000 00:00 0 
7fa164021000-7fa168000000 ---p 00000000 00:00 0 
7fa168000000-7fa168021000 rw-p 00000000 00:00 0 
7fa168021000-7fa16c000000 ---p 00000000 00:00 0 
7fa16c000000-7fa16c001000 r--s 00002000 fd:02 48240614                   /home/rbertini/.sbt/boot/scala-2.10.6/org.scala-sbt/sbt/0.13.11/launcher-interface-1.0.0-M1.jar
7fa16c001000-7fa16c005000 r--s 0001b000 fd:02 48240624                   /home/rbertini/.sbt/boot/scala-2.10.6/org.scala-sbt/sbt/0.13.11/process-0.13.11.jar
7fa16c005000-7fa16c007000 r--s 00006000 fd:02 48240617                   /home/rbertini/.sbt/boot/scala-2.10.6/org.scala-sbt/sbt/0.13.11/relation-0.13.11.jar
7fa16c007000-7fa16c009000 r--s 00002000 fd:02 48240627                   /home/rbertini/.sbt/boot/scala-2.10.6/org.scala-sbt/sbt/0.13.11/test-interface-1.0.jar
7fa16c009000-7fa16c00b000 r--s 0001a000 fd:02 48240589                   /home/rbertini/.sbt/boot/scala-2.10.6/org.scala-sbt/sbt/0.13.11/jansi-1.11.jar
7fa16c00b000-7fa16c00d000 r--s 00013000 fd:02 48240632                   /home/rbertini/.sbt/boot/scala-2.10.6/org.scala-sbt/sbt/0.13.11/json4s-ast_2.10-3.2.10.jar
7fa16c00d000-7fa16c03a000 r--s 00242000 fd:02 48240628                   /home/rbertini/.sbt/boot/scala-2.10.6/org.scala-sbt/sbt/0.13.11/main-0.13.11.jar
7fa16c03a000-7fa16c03d000 r--s 0001d000 fd:02 48240622                   /home/rbertini/.sbt/boot/scala-2.10.6/org.scala-sbt/sbt/0.13.11/task-system-0.13.11.jar
7fa16c03d000-7fa16c03f000 r--s 00001000 fd:02 48240625                   /home/rbertini/.sbt/boot/scala-2.10.6/org.scala-sbt/sbt/0.13.11/cross-0.13.11.jar
7fa16c03f000-7fa16c043000 r--s 00022000 fd:02 48240609                   /home/rbertini/.sbt/boot/scala-2.10.6/org.scala-sbt/sbt/0.13.11/sbinary_2.10-0.4.2.jar
7fa16c043000-7fa16c04d000 r--s 0006e000 fd:02 48240601                   /home/rbertini/.sbt/boot/scala-2.10.6/org.scala-sbt/sbt/0.13.11/incremental-compiler-0.13.11.jar
7fa16c04d000-7fa16c082000 r--s 002da000 fd:02 48240602                   /home/rbertini/.sbt/boot/scala-2.10.6/org.scala-sbt/sbt/0.13.11/scala-reflect-2.10.6.jar
7fa16c082000-7fa16c0f5000 r--s 0065b000 fd:02 48368009                   /home/rbertini/.sbt/boot/scala-2.10.6/lib/scala-library.jar
7fa16c0f5000-7fa16c0f8000 ---p 00000000 00:00 0 
7fa16c0f8000-7fa16c1f6000 rw-p 00000000 00:00 0 
7fa16c1f6000-7fa16c1f9000 ---p 00000000 00:00 0 
7fa16c1f9000-7fa16c2f7000 rw-p 00000000 00:00 0 
7fa16c2f7000-7fa16c2fa000 ---p 00000000 00:00 0 
7fa16c2fa000-7fa16c3f8000 rw-p 00000000 00:00 0 
7fa16c3f8000-7fa16c3fb000 ---p 00000000 00:00 0 
7fa16c3fb000-7fa16c4f9000 rw-p 00000000 00:00 0 
7fa16c4f9000-7fa16c4fc000 ---p 00000000 00:00 0 
7fa16c4fc000-7fa16c5fa000 rw-p 00000000 00:00 0 
7fa16c5fa000-7fa16c5fd000 ---p 00000000 00:00 0 
7fa16c5fd000-7fa16c6fb000 rw-p 00000000 00:00 0 
7fa16c6fb000-7fa16c6fe000 ---p 00000000 00:00 0 
7fa16c6fe000-7fa16c7fc000 rw-p 00000000 00:00 0 
7fa16c7fc000-7fa16c7fd000 ---p 00000000 00:00 0 
7fa16c7fd000-7fa16d80c000 rw-p 00000000 00:00 0 
7fa16d80c000-7fa16d9d9000 r--s 043c9000 fd:00 1462647                    /usr/lib/jvm/java-1.8.0-openjdk-1.8.0.111-4.b16.fc24.x86_64/jre/lib/rt.jar
7fa16d9d9000-7fa16fb59000 rw-p 00000000 00:00 0 
7fa16fb59000-7fa16fb5a000 ---p 00000000 00:00 0 
7fa16fb5a000-7fa16fc5a000 rw-p 00000000 00:00 0 
7fa16fc5a000-7fa16fc5b000 ---p 00000000 00:00 0 
7fa16fc5b000-7fa16fd5b000 rw-p 00000000 00:00 0 
7fa16fd5b000-7fa16fd5c000 ---p 00000000 00:00 0 
7fa16fd5c000-7fa16fe5c000 rw-p 00000000 00:00 0 
7fa16fe5c000-7fa16fe5d000 ---p 00000000 00:00 0 
7fa16fe5d000-7fa17000d000 rw-p 00000000 00:00 0 
7fa17000d000-7fa17005d000 ---p 00000000 00:00 0 
7fa17005d000-7fa17010d000 rw-p 00000000 00:00 0 
7fa17010d000-7fa17015d000 ---p 00000000 00:00 0 
7fa17015d000-7fa1701d4000 rw-p 00000000 00:00 0 
7fa1701d4000-7fa1701dd000 ---p 00000000 00:00 0 
7fa1701dd000-7fa170220000 rw-p 00000000 00:00 0 
7fa170220000-7fa17059e000 ---p 00000000 00:00 0 
7fa17059e000-7fa17161e000 rwxp 00000000 00:00 0 
7fa17161e000-7fa17f59e000 ---p 00000000 00:00 0 
7fa17f59e000-7fa17f5a6000 r-xp 00000000 fd:00 1462608                    /usr/lib/jvm/java-1.8.0-openjdk-1.8.0.111-4.b16.fc24.x86_64/jre/lib/amd64/libzip.so
7fa17f5a6000-7fa17f7a5000 ---p 00008000 fd:00 1462608                    /usr/lib/jvm/java-1.8.0-openjdk-1.8.0.111-4.b16.fc24.x86_64/jre/lib/amd64/libzip.so
7fa17f7a5000-7fa17f7a6000 r--p 00007000 fd:00 1462608                    /usr/lib/jvm/java-1.8.0-openjdk-1.8.0.111-4.b16.fc24.x86_64/jre/lib/amd64/libzip.so
7fa17f7a6000-7fa17f7a7000 rw-p 00000000 00:00 0 
7fa17f7a7000-7fa17f7b2000 r-xp 00000000 fd:00 1448865                    /usr/lib64/libnss_files-2.23.so
7fa17f7b2000-7fa17f9b1000 ---p 0000b000 fd:00 1448865                    /usr/lib64/libnss_files-2.23.so
7fa17f9b1000-7fa17f9b2000 r--p 0000a000 fd:00 1448865                    /usr/lib64/libnss_files-2.23.so
7fa17f9b2000-7fa17f9b3000 rw-p 0000b000 fd:00 1448865                    /usr/lib64/libnss_files-2.23.so
7fa17f9b3000-7fa17f9b9000 rw-p 00000000 00:00 0 
7fa17f9b9000-7fa17f9e6000 r-xp 00000000 fd:00 1462590                    /usr/lib/jvm/java-1.8.0-openjdk-1.8.0.111-4.b16.fc24.x86_64/jre/lib/amd64/libjava.so
7fa17f9e6000-7fa17fbe6000 ---p 0002d000 fd:00 1462590                    /usr/lib/jvm/java-1.8.0-openjdk-1.8.0.111-4.b16.fc24.x86_64/jre/lib/amd64/libjava.so
7fa17fbe6000-7fa17fbe7000 r--p 0002d000 fd:00 1462590                    /usr/lib/jvm/java-1.8.0-openjdk-1.8.0.111-4.b16.fc24.x86_64/jre/lib/amd64/libjava.so
7fa17fbe7000-7fa17fbe8000 rw-p 0002e000 fd:00 1462590                    /usr/lib/jvm/java-1.8.0-openjdk-1.8.0.111-4.b16.fc24.x86_64/jre/lib/amd64/libjava.so
7fa17fbe8000-7fa17fbe9000 rw-p 00000000 00:00 0 
7fa17fbe9000-7fa17fbf6000 r-xp 00000000 fd:00 1462607                    /usr/lib/jvm/java-1.8.0-openjdk-1.8.0.111-4.b16.fc24.x86_64/jre/lib/amd64/libverify.so
7fa17fbf6000-7fa17fdf5000 ---p 0000d000 fd:00 1462607                    /usr/lib/jvm/java-1.8.0-openjdk-1.8.0.111-4.b16.fc24.x86_64/jre/lib/amd64/libverify.so
7fa17fdf5000-7fa17fdf7000 r--p 0000c000 fd:00 1462607                    /usr/lib/jvm/java-1.8.0-openjdk-1.8.0.111-4.b16.fc24.x86_64/jre/lib/amd64/libverify.so
7fa17fdf7000-7fa17fdf8000 rw-p 00000000 00:00 0 
7fa17fdf8000-7fa17fdff000 r-xp 00000000 fd:00 1448881                    /usr/lib64/librt-2.23.so
7fa17fdff000-7fa17fffe000 ---p 00007000 fd:00 1448881                    /usr/lib64/librt-2.23.so
7fa17fffe000-7fa17ffff000 r--p 00006000 fd:00 1448881                    /usr/lib64/librt-2.23.so
7fa17ffff000-7fa180000000 rw-p 00007000 fd:00 1448881                    /usr/lib64/librt-2.23.so
7fa180000000-7fa182003000 rw-p 00000000 00:00 0 
7fa182003000-7fa184000000 ---p 00000000 00:00 0 
7fa184000000-7fa184004000 r--s 0001d000 fd:02 48240604                   /home/rbertini/.sbt/boot/scala-2.10.6/org.scala-sbt/sbt/0.13.11/tasks-0.13.11.jar
7fa184004000-7fa184007000 r--s 00013000 fd:02 48240600                   /home/rbertini/.sbt/boot/scala-2.10.6/org.scala-sbt/sbt/0.13.11/classpath-0.13.11.jar
7fa184007000-7fa18401c000 r--s 00101000 fd:02 48240615                   /home/rbertini/.sbt/boot/scala-2.10.6/org.scala-sbt/sbt/0.13.11/ivy-2.3.0-sbt-2cc8d2761242b072cedb0a04cb39435c4fa24f9a.jar
7fa18401c000-7fa184020000 r--s 00034000 fd:02 48240629                   /home/rbertini/.sbt/boot/scala-2.10.6/org.scala-sbt/sbt/0.13.11/jsch-0.1.46.jar
7fa184020000-7fa184022000 r--s 0000e000 fd:02 48240605                   /home/rbertini/.sbt/boot/scala-2.10.6/org.scala-sbt/sbt/0.13.11/logic-0.13.11.jar
7fa184022000-7fa184024000 r--s 00012000 fd:02 48240618                   /home/rbertini/.sbt/boot/scala-2.10.6/org.scala-sbt/sbt/0.13.11/jawn-parser_2.10-0.6.0.jar
7fa184024000-7fa184026000 r--s 00007000 fd:02 48240626                   /home/rbertini/.sbt/boot/scala-2.10.6/org.scala-sbt/sbt/0.13.11/paranamer-2.6.jar
7fa184026000-7fa184032000 r--s 000a4000 fd:02 48240610                   /home/rbertini/.sbt/boot/scala-2.10.6/org.scala-sbt/sbt/0.13.11/quasiquotes_2.10-2.0.1.jar
7fa184032000-7fa184038000 r--s 00040000 fd:02 48240608                   /home/rbertini/.sbt/boot/scala-2.10.6/org.scala-sbt/sbt/0.13.11/api-0.13.11.jar
7fa184038000-7fa18403a000 r--s 0000b000 fd:02 48240591                   /home/rbertini/.sbt/boot/scala-2.10.6/org.scala-sbt/sbt/0.13.11/tracking-0.13.11.jar
7fa18403a000-7fa18403c000 r--s 00007000 fd:02 48240603                   /home/rbertini/.sbt/boot/scala-2.10.6/org.scala-sbt/sbt/0.13.11/compiler-ivy-integration-0.13.11.jar
7fa18403c000-7fa184071000 r--s 002da000 fd:02 48368013                   /home/rbertini/.sbt/boot/scala-2.10.6/lib/scala-reflect.jar
7fa184071000-7fa18408d000 r--s 0010c000 fd:02 54792796                   /home/rbertini/.IdeaIC2016.3/config/plugins/Scala/launcher/sbt-launch.jar
7fa18408d000-7fa1840da000 rw-p 00000000 00:00 0 
7fa1840da000-7fa1840f0000 r-xp 00000000 fd:00 1449466                    /usr/lib64/libgcc_s-6.3.1-20161221.so.1
7fa1840f0000-7fa1842ef000 ---p 00016000 fd:00 1449466                    /usr/lib64/libgcc_s-6.3.1-20161221.so.1
7fa1842ef000-7fa1842f0000 r--p 00015000 fd:00 1449466                    /usr/lib64/libgcc_s-6.3.1-20161221.so.1
7fa1842f0000-7fa1842f1000 rw-p 00016000 fd:00 1449466                    /usr/lib64/libgcc_s-6.3.1-20161221.so.1
7fa1842f1000-7fa1843f9000 r-xp 00000000 fd:00 1448850                    /usr/lib64/libm-2.23.so
7fa1843f9000-7fa1845f8000 ---p 00108000 fd:00 1448850                    /usr/lib64/libm-2.23.so
7fa1845f8000-7fa1845f9000 r--p 00107000 fd:00 1448850                    /usr/lib64/libm-2.23.so
7fa1845f9000-7fa1845fa000 rw-p 00108000 fd:00 1448850                    /usr/lib64/libm-2.23.so
7fa1845fa000-7fa184772000 r-xp 00000000 fd:00 1449175                    /usr/lib64/libstdc++.so.6.0.22
7fa184772000-7fa184972000 ---p 00178000 fd:00 1449175                    /usr/lib64/libstdc++.so.6.0.22
7fa184972000-7fa18497c000 r--p 00178000 fd:00 1449175                    /usr/lib64/libstdc++.so.6.0.22
7fa18497c000-7fa18497e000 rw-p 00182000 fd:00 1449175                    /usr/lib64/libstdc++.so.6.0.22
7fa18497e000-7fa184982000 rw-p 00000000 00:00 0 
7fa184982000-7fa18561b000 r-xp 00000000 fd:00 1462612                    /usr/lib/jvm/java-1.8.0-openjdk-1.8.0.111-4.b16.fc24.x86_64/jre/lib/amd64/server/libjvm.so
7fa18561b000-7fa18581a000 ---p 00c99000 fd:00 1462612                    /usr/lib/jvm/java-1.8.0-openjdk-1.8.0.111-4.b16.fc24.x86_64/jre/lib/amd64/server/libjvm.so
7fa18581a000-7fa1858b0000 r--p 00c98000 fd:00 1462612                    /usr/lib/jvm/java-1.8.0-openjdk-1.8.0.111-4.b16.fc24.x86_64/jre/lib/amd64/server/libjvm.so
7fa1858b0000-7fa1858d9000 rw-p 00d2e000 fd:00 1462612                    /usr/lib/jvm/java-1.8.0-openjdk-1.8.0.111-4.b16.fc24.x86_64/jre/lib/amd64/server/libjvm.so
7fa1858d9000-7fa185909000 rw-p 00000000 00:00 0 
7fa185909000-7fa185ac2000 r-xp 00000000 fd:00 1448842                    /usr/lib64/libc-2.23.so
7fa185ac2000-7fa185cc1000 ---p 001b9000 fd:00 1448842                    /usr/lib64/libc-2.23.so
7fa185cc1000-7fa185cc5000 r--p 001b8000 fd:00 1448842                    /usr/lib64/libc-2.23.so
7fa185cc5000-7fa185cc7000 rw-p 001bc000 fd:00 1448842                    /usr/lib64/libc-2.23.so
7fa185cc7000-7fa185ccb000 rw-p 00000000 00:00 0 
7fa185ccb000-7fa185cce000 r-xp 00000000 fd:00 1448848                    /usr/lib64/libdl-2.23.so
7fa185cce000-7fa185ecd000 ---p 00003000 fd:00 1448848                    /usr/lib64/libdl-2.23.so
7fa185ecd000-7fa185ece000 r--p 00002000 fd:00 1448848                    /usr/lib64/libdl-2.23.so
7fa185ece000-7fa185ecf000 rw-p 00003000 fd:00 1448848                    /usr/lib64/libdl-2.23.so
7fa185ecf000-7fa185edc000 r-xp 00000000 fd:00 1462743                    /usr/lib/jvm/java-1.8.0-openjdk-1.8.0.111-4.b16.fc24.x86_64/lib/amd64/jli/libjli.so
7fa185edc000-7fa1860dc000 ---p 0000d000 fd:00 1462743                    /usr/lib/jvm/java-1.8.0-openjdk-1.8.0.111-4.b16.fc24.x86_64/lib/amd64/jli/libjli.so
7fa1860dc000-7fa1860dd000 r--p 0000d000 fd:00 1462743                    /usr/lib/jvm/java-1.8.0-openjdk-1.8.0.111-4.b16.fc24.x86_64/lib/amd64/jli/libjli.so
7fa1860dd000-7fa1860de000 rw-p 00000000 00:00 0 
7fa1860de000-7fa1860f3000 r-xp 00000000 fd:00 1451751                    /usr/lib64/libz.so.1.2.8
7fa1860f3000-7fa1862f2000 ---p 00015000 fd:00 1451751                    /usr/lib64/libz.so.1.2.8
7fa1862f2000-7fa1862f3000 r--p 00014000 fd:00 1451751                    /usr/lib64/libz.so.1.2.8
7fa1862f3000-7fa1862f4000 rw-p 00015000 fd:00 1451751                    /usr/lib64/libz.so.1.2.8
7fa1862f4000-7fa18630b000 r-xp 00000000 fd:00 1448874                    /usr/lib64/libpthread-2.23.so
7fa18630b000-7fa18650a000 ---p 00017000 fd:00 1448874                    /usr/lib64/libpthread-2.23.so
7fa18650a000-7fa18650b000 r--p 00016000 fd:00 1448874                    /usr/lib64/libpthread-2.23.so
7fa18650b000-7fa18650c000 rw-p 00017000 fd:00 1448874                    /usr/lib64/libpthread-2.23.so
7fa18650c000-7fa186510000 rw-p 00000000 00:00 0 
7fa186510000-7fa186534000 r-xp 00000000 fd:00 1448785                    /usr/lib64/ld-2.23.so
7fa186534000-7fa186535000 r--s 00001000 fd:02 48240597                   /home/rbertini/.sbt/boot/scala-2.10.6/org.scala-sbt/sbt/0.13.11/json4s-support_2.10-0.6.0.jar
7fa186535000-7fa186606000 rw-p 00000000 00:00 0 
7fa186606000-7fa186609000 ---p 00000000 00:00 0 
7fa186609000-7fa18670c000 rw-p 00000000 00:00 0 
7fa18670c000-7fa186712000 r--s 00038000 fd:02 48240596                   /home/rbertini/.sbt/boot/scala-2.10.6/org.scala-sbt/sbt/0.13.11/compiler-interface-0.13.11.jar
7fa186712000-7fa186715000 r--s 00018000 fd:02 48368010                   /home/rbertini/.sbt/boot/scala-2.10.6/lib/jansi.jar
7fa186715000-7fa186719000 r--s 00025000 fd:02 48368012                   /home/rbertini/.sbt/boot/scala-2.10.6/lib/jline.jar
7fa186719000-7fa186728000 rw-p 00000000 00:00 0 
7fa186728000-7fa186730000 rw-s 00000000 00:27 658758                     /tmp/hsperfdata_rbertini/15110
7fa186730000-7fa186731000 rw-p 00000000 00:00 0 
7fa186731000-7fa186732000 r--p 00000000 00:00 0 
7fa186732000-7fa186733000 rw-p 00000000 00:00 0 
7fa186733000-7fa186734000 r--p 00023000 fd:00 1448785                    /usr/lib64/ld-2.23.so
7fa186734000-7fa186735000 rw-p 00024000 fd:00 1448785                    /usr/lib64/ld-2.23.so
7fa186735000-7fa186736000 rw-p 00000000 00:00 0 
7ffd9f35a000-7ffd9f37b000 rw-p 00000000 00:00 0                          [stack]
7ffd9f3c5000-7ffd9f3c7000 r--p 00000000 00:00 0                          [vvar]
7ffd9f3c7000-7ffd9f3c9000 r-xp 00000000 00:00 0                          [vdso]
ffffffffff600000-ffffffffff601000 r-xp 00000000 00:00 0                  [vsyscall]

VM Arguments:
jvm_args: -Djline.terminal=jline.UnsupportedTerminal -Dsbt.log.noformat=true -Dfile.encoding=UTF-8 -Xmx768M -XX:MaxPermSize=384M 
java_command: /home/rbertini/.IdeaIC2016.3/config/plugins/Scala/launcher/sbt-launch.jar
java_class_path (initial): /home/rbertini/.IdeaIC2016.3/config/plugins/Scala/launcher/sbt-launch.jar
Launcher Type: SUN_STANDARD

Environment Variables:
PATH=/usr/lib64/qt-3.3/bin:/usr/local/bin:/usr/local/sbin:/usr/bin:/usr/sbin:/home/rbertini/.local/bin:/home/rbertini/bin
USERNAME=rbertini
LD_LIBRARY_PATH=/home/rbertini/idea-IC-163.11103.6/bin:
SHELL=/bin/bash
DISPLAY=:0

Signal Handlers:
SIGSEGV: [libjvm.so+0xaa2a70], sa_mask[0]=11111111011111111101111111111110, sa_flags=SA_RESTART|SA_SIGINFO
SIGBUS: [libjvm.so+0xaa2a70], sa_mask[0]=11111111011111111101111111111110, sa_flags=SA_RESTART|SA_SIGINFO
SIGFPE: [libjvm.so+0x8c7160], sa_mask[0]=11111111011111111101111111111110, sa_flags=SA_RESTART|SA_SIGINFO
SIGPIPE: SIG_IGN, sa_mask[0]=00000000000000000000000000000000, sa_flags=none
SIGXFSZ: [libjvm.so+0x8c7160], sa_mask[0]=11111111011111111101111111111110, sa_flags=SA_RESTART|SA_SIGINFO
SIGILL: [libjvm.so+0x8c7160], sa_mask[0]=11111111011111111101111111111110, sa_flags=SA_RESTART|SA_SIGINFO
SIGUSR1: SIG_DFL, sa_mask[0]=00000000000000000000000000000000, sa_flags=none
SIGUSR2: [libjvm.so+0x8c7010], sa_mask[0]=00100000000000000000000000000000, sa_flags=SA_RESTART|SA_SIGINFO
SIGHUP: [libjvm.so+0x8c74c0], sa_mask[0]=11111111011111111101111111111110, sa_flags=SA_RESTART|SA_SIGINFO
SIGINT: [libjvm.so+0x8c74c0], sa_mask[0]=11111111011111111101111111111110, sa_flags=SA_RESTART|SA_SIGINFO
SIGTERM: [libjvm.so+0x8c74c0], sa_mask[0]=11111111011111111101111111111110, sa_flags=SA_RESTART|SA_SIGINFO
SIGQUIT: [libjvm.so+0x8c74c0], sa_mask[0]=11111111011111111101111111111110, sa_flags=SA_RESTART|SA_SIGINFO


---------------  S Y S T E M  ---------------

OS:Fedora release 24 (Twenty Four)

uname:Linux 4.9.5-100.fc24.x86_64 #1 SMP Fri Jan 20 12:27:44 UTC 2017 x86_64
libc:glibc 2.23 NPTL 2.23 
rlimit: STACK 8192k, CORE 0k, NPROC 31688, NOFILE 4096, AS infinity
load average:1.63 1.21 1.03

/proc/meminfo:
MemTotal:        8158040 kB
MemFree:          130468 kB
MemAvailable:     296000 kB
Buffers:           22704 kB
Cached:           582140 kB
SwapCached:        78812 kB
Active:          6254448 kB
Inactive:         999492 kB
Active(anon):    6065576 kB
Inactive(anon):   866376 kB
Active(file):     188872 kB
Inactive(file):   133116 kB
Unevictable:         544 kB
Mlocked:             544 kB
SwapTotal:       8257532 kB
SwapFree:        6846180 kB
Dirty:                 0 kB
Writeback:         58112 kB
AnonPages:       6598820 kB
Mapped:           461704 kB
Shmem:            282468 kB
Slab:             231108 kB
SReclaimable:     129884 kB
SUnreclaim:       101224 kB
KernelStack:       20624 kB
PageTables:       111576 kB
NFS_Unstable:          0 kB
Bounce:                0 kB
WritebackTmp:          0 kB
CommitLimit:    12336552 kB
Committed_AS:   20400184 kB
VmallocTotal:   34359738367 kB
VmallocUsed:           0 kB
VmallocChunk:          0 kB
HardwareCorrupted:     0 kB
AnonHugePages:         0 kB
ShmemHugePages:        0 kB
ShmemPmdMapped:        0 kB
CmaTotal:              0 kB
CmaFree:               0 kB
HugePages_Total:       0
HugePages_Free:        0
HugePages_Rsvd:        0
HugePages_Surp:        0
Hugepagesize:       2048 kB
DirectMap4k:     1285028 kB
DirectMap2M:     7086080 kB


CPU:total 4 (4 cores per cpu, 1 threads per core) family 6 model 42 stepping 7, cmov, cx8, fxsr, mmx, sse, sse2, sse3, ssse3, sse4.1, sse4.2, popcnt, avx, clmul, tsc, tscinvbit

/proc/cpuinfo:
processor	: 0
vendor_id	: GenuineIntel
cpu family	: 6
model		: 42
model name	: Intel(R) Core(TM) i5-2300 CPU @ 2.80GHz
stepping	: 7
microcode	: 0x29
cpu MHz		: 2986.962
cache size	: 6144 KB
physical id	: 0
siblings	: 4
core id		: 0
cpu cores	: 4
apicid		: 0
initial apicid	: 0
fpu		: yes
fpu_exception	: yes
cpuid level	: 13
wp		: yes
flags		: fpu vme de pse tsc msr pae mce cx8 apic sep mtrr pge mca cmov pat pse36 clflush dts acpi mmx fxsr sse sse2 ss ht tm pbe syscall nx rdtscp lm constant_tsc arch_perfmon pebs bts rep_good nopl xtopology nonstop_tsc aperfmperf eagerfpu pni pclmulqdq dtes64 monitor ds_cpl vmx est tm2 ssse3 cx16 xtpr pdcm pcid sse4_1 sse4_2 popcnt tsc_deadline_timer xsave avx lahf_lm epb tpr_shadow vnmi flexpriority ept vpid xsaveopt dtherm ida arat pln pts
bugs		:
bogomips	: 5587.19
clflush size	: 64
cache_alignment	: 64
address sizes	: 36 bits physical, 48 bits virtual
power management:

processor	: 1
vendor_id	: GenuineIntel
cpu family	: 6
model		: 42
model name	: Intel(R) Core(TM) i5-2300 CPU @ 2.80GHz
stepping	: 7
microcode	: 0x29
cpu MHz		: 2975.512
cache size	: 6144 KB
physical id	: 0
siblings	: 4
core id		: 1
cpu cores	: 4
apicid		: 2
initial apicid	: 2
fpu		: yes
fpu_exception	: yes
cpuid level	: 13
wp		: yes
flags		: fpu vme de pse tsc msr pae mce cx8 apic sep mtrr pge mca cmov pat pse36 clflush dts acpi mmx fxsr sse sse2 ss ht tm pbe syscall nx rdtscp lm constant_tsc arch_perfmon pebs bts rep_good nopl xtopology nonstop_tsc aperfmperf eagerfpu pni pclmulqdq dtes64 monitor ds_cpl vmx est tm2 ssse3 cx16 xtpr pdcm pcid sse4_1 sse4_2 popcnt tsc_deadline_timer xsave avx lahf_lm epb tpr_shadow vnmi flexpriority ept vpid xsaveopt dtherm ida arat pln pts
bugs		:
bogomips	: 5590.81
clflush size	: 64
cache_alignment	: 64
address sizes	: 36 bits physical, 48 bits virtual
power management:

processor	: 2
vendor_id	: GenuineIntel
cpu family	: 6
model		: 42
model name	: Intel(R) Core(TM) i5-2300 CPU @ 2.80GHz
stepping	: 7
microcode	: 0x29
cpu MHz		: 2912.792
cache size	: 6144 KB
physical id	: 0
siblings	: 4
core id		: 2
cpu cores	: 4
apicid		: 4
initial apicid	: 4
fpu		: yes
fpu_exception	: yes
cpuid level	: 13
wp		: yes
flags		: fpu vme de pse tsc msr pae mce cx8 apic sep mtrr pge mca cmov pat pse36 clflush dts acpi mmx fxsr sse sse2 ss ht tm pbe syscall nx rdtscp lm constant_tsc arch_perfmon pebs bts rep_good nopl xtopology nonstop_tsc aperfmperf eagerfpu pni pclmulqdq dtes64 monitor ds_cpl vmx est tm2 ssse3 cx16 xtpr pdcm pcid sse4_1 sse4_2 popcnt tsc_deadline_timer xsave avx lahf_lm epb tpr_shadow vnmi flexpriority ept vpid xsaveopt dtherm ida arat pln pts
bugs		:
bogomips	: 5591.10
clflush size	: 64
cache_alignment	: 64
address sizes	: 36 bits physical, 48 bits virtual
power management:

processor	: 3
vendor_id	: GenuineIntel
cpu family	: 6
model		: 42
model name	: Intel(R) Core(TM) i5-2300 CPU @ 2.80GHz
stepping	: 7
microcode	: 0x29
cpu MHz		: 2985.595
cache size	: 6144 KB
physical id	: 0
siblings	: 4
core id		: 3
cpu cores	: 4
apicid		: 6
initial apicid	: 6
fpu		: yes
fpu_exception	: yes
cpuid level	: 13
wp		: yes
flags		: fpu vme de pse tsc msr pae mce cx8 apic sep mtrr pge mca cmov pat pse36 clflush dts acpi mmx fxsr sse sse2 ss ht tm pbe syscall nx rdtscp lm constant_tsc arch_perfmon pebs bts rep_good nopl xtopology nonstop_tsc aperfmperf eagerfpu pni pclmulqdq dtes64 monitor ds_cpl vmx est tm2 ssse3 cx16 xtpr pdcm pcid sse4_1 sse4_2 popcnt tsc_deadline_timer xsave avx lahf_lm epb tpr_shadow vnmi flexpriority ept vpid xsaveopt dtherm ida arat pln pts
bugs		:
bogomips	: 5591.02
clflush size	: 64
cache_alignment	: 64
address sizes	: 36 bits physical, 48 bits virtual
power management:



Memory: 4k page, physical 8158040k(130468k free), swap 8257532k(6846064k free)

vm_info: OpenJDK 64-Bit Server VM (25.111-b16) for linux-amd64 JRE (1.8.0_111-b16), built on Nov 23 2016 17:01:38 by "mockbuild" with gcc 6.2.1 20160916 (Red Hat 6.2.1-2)

time: Mon Jan 30 14:20:09 2017
elapsed time: 5 seconds (0d 0h 0m 5s)

